Calling target program-options parser
[12:48:51.108] [bmv2] [D] [thread 12535] Set default default entry for table 'tbl_perform_aggregation': MyIngress.perform_aggregation - 
[12:48:51.108] [bmv2] [D] [thread 12535] Set default default entry for table 'tbl_multicast_result': MyIngress.multicast_result - 
[12:48:51.109] [bmv2] [D] [thread 12535] Set default default entry for table 'tbl_drop': MyIngress.drop - 
[12:48:51.109] [bmv2] [D] [thread 12535] Set default default entry for table 'tbl_drop_0': MyIngress.drop - 
Adding interface s1-eth1 as port 1
[12:48:51.115] [bmv2] [D] [thread 12535] Adding interface s1-eth1 as port 1
Adding interface s1-eth2 as port 2
[12:48:51.175] [bmv2] [D] [thread 12535] Adding interface s1-eth2 as port 2
Adding interface s1-eth3 as port 3
[12:48:51.212] [bmv2] [D] [thread 12535] Adding interface s1-eth3 as port 3
Server listening on 0.0.0.0:50051
[12:48:51.267] [bmv2] [I] [thread 12535] Starting Thrift server on port 9090
[12:48:51.268] [bmv2] [I] [thread 12535] Thrift server was started
[12:48:51.389] [bmv2] [D] [thread 12545] [0.0] [cxt 0] Processing packet received on port 2
[12:48:51.389] [bmv2] [D] [thread 12545] [0.0] [cxt 0] Parser 'parser': start
[12:48:51.390] [bmv2] [D] [thread 12545] [0.0] [cxt 0] Parser 'parser' entering state 'start'
[12:48:51.390] [bmv2] [D] [thread 12545] [0.0] [cxt 0] Extracting header 'ethernet'
[12:48:51.391] [bmv2] [D] [thread 12545] [0.0] [cxt 0] Parser state 'start': key is 86dd
[12:48:51.391] [bmv2] [T] [thread 12545] [0.0] [cxt 0] Bytes parsed: 14
[12:48:51.392] [bmv2] [D] [thread 12545] [0.0] [cxt 0] Parser 'parser': end
[12:48:51.392] [bmv2] [D] [thread 12545] [0.0] [cxt 0] Pipeline 'ingress': start
[12:48:51.392] [bmv2] [T] [thread 12545] [0.0] [cxt 0] /home/vagrant/ans-lab/lab3/sml-eth/p4/main.p4(167) Condition "hdr.switchml.isValid() && hdr.switchml.flags == 0" (node_2) is false
[12:48:51.393] [bmv2] [T] [thread 12545] [0.0] [cxt 0] Applying table 'tbl_drop_0'
[12:48:51.394] [bmv2] [D] [thread 12545] [0.0] [cxt 0] Looking up key:

[12:48:51.394] [bmv2] [D] [thread 12545] [0.0] [cxt 0] Table 'tbl_drop_0': miss
[12:48:51.395] [bmv2] [D] [thread 12545] [0.0] [cxt 0] Action entry is MyIngress.drop - 
[12:48:51.395] [bmv2] [T] [thread 12545] [0.0] [cxt 0] Action MyIngress.drop
[12:48:51.396] [bmv2] [T] [thread 12545] [0.0] [cxt 0] /home/vagrant/ans-lab/lab3/sml-eth/p4/main.p4(98) Primitive mark_to_drop(standard_metadata)
[12:48:51.396] [bmv2] [D] [thread 12545] [0.0] [cxt 0] Pipeline 'ingress': end
[12:48:51.396] [bmv2] [D] [thread 12545] [0.0] [cxt 0] Egress port is 511
[12:48:51.397] [bmv2] [D] [thread 12545] [0.0] [cxt 0] Dropping packet at the end of ingress
[12:48:51.548] [bmv2] [D] [thread 12545] [1.0] [cxt 0] Processing packet received on port 2
[12:48:51.549] [bmv2] [D] [thread 12545] [1.0] [cxt 0] Parser 'parser': start
[12:48:51.549] [bmv2] [D] [thread 12545] [1.0] [cxt 0] Parser 'parser' entering state 'start'
[12:48:51.549] [bmv2] [D] [thread 12545] [1.0] [cxt 0] Extracting header 'ethernet'
[12:48:51.550] [bmv2] [D] [thread 12545] [1.0] [cxt 0] Parser state 'start': key is 86dd
[12:48:51.550] [bmv2] [T] [thread 12545] [1.0] [cxt 0] Bytes parsed: 14
[12:48:51.551] [bmv2] [D] [thread 12545] [1.0] [cxt 0] Parser 'parser': end
[12:48:51.552] [bmv2] [D] [thread 12545] [1.0] [cxt 0] Pipeline 'ingress': start
[12:48:51.553] [bmv2] [T] [thread 12545] [1.0] [cxt 0] /home/vagrant/ans-lab/lab3/sml-eth/p4/main.p4(167) Condition "hdr.switchml.isValid() && hdr.switchml.flags == 0" (node_2) is false
[12:48:51.553] [bmv2] [T] [thread 12545] [1.0] [cxt 0] Applying table 'tbl_drop_0'
[12:48:51.554] [bmv2] [D] [thread 12545] [1.0] [cxt 0] Looking up key:

[12:48:51.554] [bmv2] [D] [thread 12545] [1.0] [cxt 0] Table 'tbl_drop_0': miss
[12:48:51.554] [bmv2] [D] [thread 12545] [1.0] [cxt 0] Action entry is MyIngress.drop - 
[12:48:51.554] [bmv2] [T] [thread 12545] [1.0] [cxt 0] Action MyIngress.drop
[12:48:51.555] [bmv2] [T] [thread 12545] [1.0] [cxt 0] /home/vagrant/ans-lab/lab3/sml-eth/p4/main.p4(98) Primitive mark_to_drop(standard_metadata)
[12:48:51.556] [bmv2] [D] [thread 12545] [1.0] [cxt 0] Pipeline 'ingress': end
[12:48:51.556] [bmv2] [D] [thread 12545] [1.0] [cxt 0] Egress port is 511
[12:48:51.557] [bmv2] [D] [thread 12545] [1.0] [cxt 0] Dropping packet at the end of ingress
[12:48:51.673] [bmv2] [D] [thread 12545] [2.0] [cxt 0] Processing packet received on port 1
[12:48:51.674] [bmv2] [D] [thread 12545] [2.0] [cxt 0] Parser 'parser': start
[12:48:51.674] [bmv2] [D] [thread 12545] [2.0] [cxt 0] Parser 'parser' entering state 'start'
[12:48:51.675] [bmv2] [D] [thread 12545] [2.0] [cxt 0] Extracting header 'ethernet'
[12:48:51.676] [bmv2] [D] [thread 12545] [2.0] [cxt 0] Parser state 'start': key is 86dd
[12:48:51.676] [bmv2] [T] [thread 12545] [2.0] [cxt 0] Bytes parsed: 14
[12:48:51.677] [bmv2] [D] [thread 12545] [2.0] [cxt 0] Parser 'parser': end
[12:48:51.678] [bmv2] [D] [thread 12545] [2.0] [cxt 0] Pipeline 'ingress': start
[12:48:51.679] [bmv2] [T] [thread 12545] [2.0] [cxt 0] /home/vagrant/ans-lab/lab3/sml-eth/p4/main.p4(167) Condition "hdr.switchml.isValid() && hdr.switchml.flags == 0" (node_2) is false
[12:48:51.679] [bmv2] [T] [thread 12545] [2.0] [cxt 0] Applying table 'tbl_drop_0'
[12:48:51.679] [bmv2] [D] [thread 12545] [2.0] [cxt 0] Looking up key:

[12:48:51.677] [bmv2] [W] [thread 12574] [P4Runtime] p4::tmp::P4DeviceConfig is deprecated
[12:48:51.679] [bmv2] [D] [thread 12545] [2.0] [cxt 0] Table 'tbl_drop_0': miss
[12:48:51.679] [bmv2] [D] [thread 12545] [2.0] [cxt 0] Action entry is MyIngress.drop - 
[12:48:51.680] [bmv2] [T] [thread 12545] [2.0] [cxt 0] Action MyIngress.drop
[12:48:51.680] [bmv2] [T] [thread 12545] [2.0] [cxt 0] /home/vagrant/ans-lab/lab3/sml-eth/p4/main.p4(98) Primitive mark_to_drop(standard_metadata)
[12:48:51.681] [bmv2] [D] [thread 12545] [2.0] [cxt 0] Pipeline 'ingress': end
[12:48:51.681] [bmv2] [D] [thread 12545] [2.0] [cxt 0] Egress port is 511
[12:48:51.682] [bmv2] [D] [thread 12545] [2.0] [cxt 0] Dropping packet at the end of ingress
[12:48:51.682] [bmv2] [D] [thread 12574] Set default default entry for table 'tbl_perform_aggregation': MyIngress.perform_aggregation - 
[12:48:51.683] [bmv2] [D] [thread 12574] Set default default entry for table 'tbl_multicast_result': MyIngress.multicast_result - 
[12:48:51.684] [bmv2] [D] [thread 12574] Set default default entry for table 'tbl_drop': MyIngress.drop - 
[12:48:51.684] [bmv2] [D] [thread 12574] Set default default entry for table 'tbl_drop_0': MyIngress.drop - 
[12:48:51.687] [bmv2] [D] [thread 12574] simple_switch target has been notified of a config swap
[12:48:51.748] [bmv2] [D] [thread 12575] mgrp node created for mgid 1
[12:48:51.748] [bmv2] [D] [thread 12575] node created for rid 2
[12:48:51.749] [bmv2] [D] [thread 12575] node associated with mgid 1
[12:48:51.749] [bmv2] [D] [thread 12575] node created for rid 1
[12:48:51.749] [bmv2] [D] [thread 12575] node associated with mgid 1
[12:48:51.749] [bmv2] [D] [thread 12575] node created for rid 0
[12:48:51.749] [bmv2] [D] [thread 12575] node associated with mgid 1
[12:48:51.801] [bmv2] [D] [thread 12545] [3.0] [cxt 0] Processing packet received on port 1
[12:48:51.809] [bmv2] [D] [thread 12545] [3.0] [cxt 0] Parser 'parser': start
[12:48:51.818] [bmv2] [D] [thread 12545] [3.0] [cxt 0] Parser 'parser' entering state 'start'
[12:48:51.834] [bmv2] [D] [thread 12545] [3.0] [cxt 0] Extracting header 'ethernet'
[12:48:51.848] [bmv2] [D] [thread 12545] [3.0] [cxt 0] Parser state 'start': key is 86dd
[12:48:51.868] [bmv2] [T] [thread 12545] [3.0] [cxt 0] Bytes parsed: 14
[12:48:51.886] [bmv2] [D] [thread 12545] [3.0] [cxt 0] Parser 'parser': end
[12:48:51.905] [bmv2] [D] [thread 12545] [3.0] [cxt 0] Pipeline 'ingress': start
[12:48:51.920] [bmv2] [T] [thread 12545] [3.0] [cxt 0] /home/vagrant/ans-lab/lab3/sml-eth/p4/main.p4(167) Condition "hdr.switchml.isValid() && hdr.switchml.flags == 0" (node_2) is false
[12:48:51.940] [bmv2] [T] [thread 12545] [3.0] [cxt 0] Applying table 'tbl_drop_0'
[12:48:51.955] [bmv2] [D] [thread 12545] [3.0] [cxt 0] Looking up key:

[12:48:51.970] [bmv2] [D] [thread 12545] [3.0] [cxt 0] Table 'tbl_drop_0': miss
[12:48:51.981] [bmv2] [D] [thread 12545] [3.0] [cxt 0] Action entry is MyIngress.drop - 
[12:48:51.994] [bmv2] [T] [thread 12545] [3.0] [cxt 0] Action MyIngress.drop
[12:48:51.995] [bmv2] [T] [thread 12545] [3.0] [cxt 0] /home/vagrant/ans-lab/lab3/sml-eth/p4/main.p4(98) Primitive mark_to_drop(standard_metadata)
[12:48:52.006] [bmv2] [D] [thread 12545] [3.0] [cxt 0] Pipeline 'ingress': end
[12:48:52.017] [bmv2] [D] [thread 12545] [3.0] [cxt 0] Egress port is 511
[12:48:52.025] [bmv2] [D] [thread 12545] [3.0] [cxt 0] Dropping packet at the end of ingress
[12:48:52.034] [bmv2] [D] [thread 12545] [4.0] [cxt 0] Processing packet received on port 1
[12:48:52.046] [bmv2] [D] [thread 12545] [4.0] [cxt 0] Parser 'parser': start
[12:48:52.064] [bmv2] [D] [thread 12545] [4.0] [cxt 0] Parser 'parser' entering state 'start'
[12:48:52.074] [bmv2] [D] [thread 12545] [4.0] [cxt 0] Extracting header 'ethernet'
[12:48:52.086] [bmv2] [D] [thread 12545] [4.0] [cxt 0] Parser state 'start': key is 86dd
[12:48:52.100] [bmv2] [T] [thread 12545] [4.0] [cxt 0] Bytes parsed: 14
[12:48:52.124] [bmv2] [D] [thread 12545] [4.0] [cxt 0] Parser 'parser': end
[12:48:52.143] [bmv2] [D] [thread 12545] [4.0] [cxt 0] Pipeline 'ingress': start
[12:48:52.160] [bmv2] [T] [thread 12545] [4.0] [cxt 0] /home/vagrant/ans-lab/lab3/sml-eth/p4/main.p4(167) Condition "hdr.switchml.isValid() && hdr.switchml.flags == 0" (node_2) is false
[12:48:52.161] [bmv2] [T] [thread 12545] [4.0] [cxt 0] Applying table 'tbl_drop_0'
[12:48:52.161] [bmv2] [D] [thread 12545] [4.0] [cxt 0] Looking up key:

[12:48:52.173] [bmv2] [D] [thread 12545] [4.0] [cxt 0] Table 'tbl_drop_0': miss
[12:48:52.177] [bmv2] [D] [thread 12545] [4.0] [cxt 0] Action entry is MyIngress.drop - 
[12:48:52.180] [bmv2] [T] [thread 12545] [4.0] [cxt 0] Action MyIngress.drop
[12:48:52.198] [bmv2] [T] [thread 12545] [4.0] [cxt 0] /home/vagrant/ans-lab/lab3/sml-eth/p4/main.p4(98) Primitive mark_to_drop(standard_metadata)
[12:48:52.208] [bmv2] [D] [thread 12545] [4.0] [cxt 0] Pipeline 'ingress': end
[12:48:52.225] [bmv2] [D] [thread 12545] [4.0] [cxt 0] Egress port is 511
[12:48:52.253] [bmv2] [D] [thread 12545] [4.0] [cxt 0] Dropping packet at the end of ingress
[12:48:52.277] [bmv2] [D] [thread 12545] [5.0] [cxt 0] Processing packet received on port 3
[12:48:52.298] [bmv2] [D] [thread 12545] [5.0] [cxt 0] Parser 'parser': start
[12:48:52.314] [bmv2] [D] [thread 12545] [5.0] [cxt 0] Parser 'parser' entering state 'start'
[12:48:52.336] [bmv2] [D] [thread 12545] [5.0] [cxt 0] Extracting header 'ethernet'
[12:48:52.371] [bmv2] [D] [thread 12545] [5.0] [cxt 0] Parser state 'start': key is 86dd
[12:48:52.376] [bmv2] [T] [thread 12545] [5.0] [cxt 0] Bytes parsed: 14
[12:48:52.405] [bmv2] [D] [thread 12545] [5.0] [cxt 0] Parser 'parser': end
[12:48:52.406] [bmv2] [D] [thread 12545] [5.0] [cxt 0] Pipeline 'ingress': start
[12:48:52.409] [bmv2] [T] [thread 12545] [5.0] [cxt 0] /home/vagrant/ans-lab/lab3/sml-eth/p4/main.p4(167) Condition "hdr.switchml.isValid() && hdr.switchml.flags == 0" (node_2) is false
[12:48:52.438] [bmv2] [T] [thread 12545] [5.0] [cxt 0] Applying table 'tbl_drop_0'
[12:48:52.462] [bmv2] [D] [thread 12545] [5.0] [cxt 0] Looking up key:

[12:48:52.470] [bmv2] [D] [thread 12545] [5.0] [cxt 0] Table 'tbl_drop_0': miss
[12:48:52.471] [bmv2] [D] [thread 12545] [5.0] [cxt 0] Action entry is MyIngress.drop - 
[12:48:52.480] [bmv2] [T] [thread 12545] [5.0] [cxt 0] Action MyIngress.drop
[12:48:52.481] [bmv2] [T] [thread 12545] [5.0] [cxt 0] /home/vagrant/ans-lab/lab3/sml-eth/p4/main.p4(98) Primitive mark_to_drop(standard_metadata)
[12:48:52.481] [bmv2] [D] [thread 12545] [5.0] [cxt 0] Pipeline 'ingress': end
[12:48:52.482] [bmv2] [D] [thread 12545] [5.0] [cxt 0] Egress port is 511
[12:48:52.483] [bmv2] [D] [thread 12545] [5.0] [cxt 0] Dropping packet at the end of ingress
[12:48:52.483] [bmv2] [D] [thread 12545] [6.0] [cxt 0] Processing packet received on port 3
[12:48:52.483] [bmv2] [D] [thread 12545] [6.0] [cxt 0] Parser 'parser': start
[12:48:52.484] [bmv2] [D] [thread 12545] [6.0] [cxt 0] Parser 'parser' entering state 'start'
[12:48:52.485] [bmv2] [D] [thread 12545] [6.0] [cxt 0] Extracting header 'ethernet'
[12:48:52.485] [bmv2] [D] [thread 12545] [6.0] [cxt 0] Parser state 'start': key is 86dd
[12:48:52.486] [bmv2] [T] [thread 12545] [6.0] [cxt 0] Bytes parsed: 14
[12:48:52.487] [bmv2] [D] [thread 12545] [6.0] [cxt 0] Parser 'parser': end
[12:48:52.488] [bmv2] [D] [thread 12545] [6.0] [cxt 0] Pipeline 'ingress': start
[12:48:52.488] [bmv2] [T] [thread 12545] [6.0] [cxt 0] /home/vagrant/ans-lab/lab3/sml-eth/p4/main.p4(167) Condition "hdr.switchml.isValid() && hdr.switchml.flags == 0" (node_2) is false
[12:48:52.488] [bmv2] [T] [thread 12545] [6.0] [cxt 0] Applying table 'tbl_drop_0'
[12:48:52.488] [bmv2] [D] [thread 12545] [6.0] [cxt 0] Looking up key:

[12:48:52.488] [bmv2] [D] [thread 12545] [6.0] [cxt 0] Table 'tbl_drop_0': miss
[12:48:52.488] [bmv2] [D] [thread 12545] [6.0] [cxt 0] Action entry is MyIngress.drop - 
[12:48:52.489] [bmv2] [T] [thread 12545] [6.0] [cxt 0] Action MyIngress.drop
[12:48:52.489] [bmv2] [T] [thread 12545] [6.0] [cxt 0] /home/vagrant/ans-lab/lab3/sml-eth/p4/main.p4(98) Primitive mark_to_drop(standard_metadata)
[12:48:52.489] [bmv2] [D] [thread 12545] [6.0] [cxt 0] Pipeline 'ingress': end
[12:48:52.489] [bmv2] [D] [thread 12545] [6.0] [cxt 0] Egress port is 511
[12:48:52.489] [bmv2] [D] [thread 12545] [6.0] [cxt 0] Dropping packet at the end of ingress
[12:48:52.489] [bmv2] [D] [thread 12545] [7.0] [cxt 0] Processing packet received on port 3
[12:48:52.490] [bmv2] [D] [thread 12545] [7.0] [cxt 0] Parser 'parser': start
[12:48:52.490] [bmv2] [D] [thread 12545] [7.0] [cxt 0] Parser 'parser' entering state 'start'
[12:48:52.490] [bmv2] [D] [thread 12545] [7.0] [cxt 0] Extracting header 'ethernet'
[12:48:52.491] [bmv2] [D] [thread 12545] [7.0] [cxt 0] Parser state 'start': key is 86dd
[12:48:52.493] [bmv2] [T] [thread 12545] [7.0] [cxt 0] Bytes parsed: 14
[12:48:52.494] [bmv2] [D] [thread 12545] [7.0] [cxt 0] Parser 'parser': end
[12:48:52.494] [bmv2] [D] [thread 12545] [7.0] [cxt 0] Pipeline 'ingress': start
[12:48:52.495] [bmv2] [T] [thread 12545] [7.0] [cxt 0] /home/vagrant/ans-lab/lab3/sml-eth/p4/main.p4(167) Condition "hdr.switchml.isValid() && hdr.switchml.flags == 0" (node_2) is false
[12:48:52.495] [bmv2] [T] [thread 12545] [7.0] [cxt 0] Applying table 'tbl_drop_0'
[12:48:52.495] [bmv2] [D] [thread 12545] [7.0] [cxt 0] Looking up key:

[12:48:52.496] [bmv2] [D] [thread 12545] [7.0] [cxt 0] Table 'tbl_drop_0': miss
[12:48:52.496] [bmv2] [D] [thread 12545] [7.0] [cxt 0] Action entry is MyIngress.drop - 
[12:48:52.497] [bmv2] [T] [thread 12545] [7.0] [cxt 0] Action MyIngress.drop
[12:48:52.497] [bmv2] [T] [thread 12545] [7.0] [cxt 0] /home/vagrant/ans-lab/lab3/sml-eth/p4/main.p4(98) Primitive mark_to_drop(standard_metadata)
[12:48:52.498] [bmv2] [D] [thread 12545] [7.0] [cxt 0] Pipeline 'ingress': end
[12:48:52.499] [bmv2] [D] [thread 12545] [7.0] [cxt 0] Egress port is 511
[12:48:52.500] [bmv2] [D] [thread 12545] [7.0] [cxt 0] Dropping packet at the end of ingress
[12:48:52.501] [bmv2] [D] [thread 12545] [8.0] [cxt 0] Processing packet received on port 2
[12:48:52.501] [bmv2] [D] [thread 12545] [8.0] [cxt 0] Parser 'parser': start
[12:48:52.501] [bmv2] [D] [thread 12545] [8.0] [cxt 0] Parser 'parser' entering state 'start'
[12:48:52.501] [bmv2] [D] [thread 12545] [8.0] [cxt 0] Extracting header 'ethernet'
[12:48:52.502] [bmv2] [D] [thread 12545] [8.0] [cxt 0] Parser state 'start': key is 86dd
[12:48:52.503] [bmv2] [T] [thread 12545] [8.0] [cxt 0] Bytes parsed: 14
[12:48:52.503] [bmv2] [D] [thread 12545] [8.0] [cxt 0] Parser 'parser': end
[12:48:52.504] [bmv2] [D] [thread 12545] [8.0] [cxt 0] Pipeline 'ingress': start
[12:48:52.505] [bmv2] [T] [thread 12545] [8.0] [cxt 0] /home/vagrant/ans-lab/lab3/sml-eth/p4/main.p4(167) Condition "hdr.switchml.isValid() && hdr.switchml.flags == 0" (node_2) is false
[12:48:52.506] [bmv2] [T] [thread 12545] [8.0] [cxt 0] Applying table 'tbl_drop_0'
[12:48:52.506] [bmv2] [D] [thread 12545] [8.0] [cxt 0] Looking up key:

[12:48:52.507] [bmv2] [D] [thread 12545] [8.0] [cxt 0] Table 'tbl_drop_0': miss
[12:48:52.508] [bmv2] [D] [thread 12545] [8.0] [cxt 0] Action entry is MyIngress.drop - 
[12:48:52.508] [bmv2] [T] [thread 12545] [8.0] [cxt 0] Action MyIngress.drop
[12:48:52.509] [bmv2] [T] [thread 12545] [8.0] [cxt 0] /home/vagrant/ans-lab/lab3/sml-eth/p4/main.p4(98) Primitive mark_to_drop(standard_metadata)
[12:48:52.509] [bmv2] [D] [thread 12545] [8.0] [cxt 0] Pipeline 'ingress': end
[12:48:52.510] [bmv2] [D] [thread 12545] [8.0] [cxt 0] Egress port is 511
[12:48:52.510] [bmv2] [D] [thread 12545] [8.0] [cxt 0] Dropping packet at the end of ingress
[12:48:52.511] [bmv2] [D] [thread 12545] [9.0] [cxt 0] Processing packet received on port 1
[12:48:52.512] [bmv2] [D] [thread 12545] [9.0] [cxt 0] Parser 'parser': start
[12:48:52.512] [bmv2] [D] [thread 12545] [9.0] [cxt 0] Parser 'parser' entering state 'start'
[12:48:52.512] [bmv2] [D] [thread 12545] [9.0] [cxt 0] Extracting header 'ethernet'
[12:48:52.512] [bmv2] [D] [thread 12545] [9.0] [cxt 0] Parser state 'start': key is 86dd
[12:48:52.512] [bmv2] [T] [thread 12545] [9.0] [cxt 0] Bytes parsed: 14
[12:48:52.512] [bmv2] [D] [thread 12545] [9.0] [cxt 0] Parser 'parser': end
[12:48:52.512] [bmv2] [D] [thread 12545] [9.0] [cxt 0] Pipeline 'ingress': start
[12:48:52.512] [bmv2] [T] [thread 12545] [9.0] [cxt 0] /home/vagrant/ans-lab/lab3/sml-eth/p4/main.p4(167) Condition "hdr.switchml.isValid() && hdr.switchml.flags == 0" (node_2) is false
[12:48:52.512] [bmv2] [T] [thread 12545] [9.0] [cxt 0] Applying table 'tbl_drop_0'
[12:48:52.512] [bmv2] [D] [thread 12545] [9.0] [cxt 0] Looking up key:

[12:48:52.513] [bmv2] [D] [thread 12545] [9.0] [cxt 0] Table 'tbl_drop_0': miss
[12:48:52.513] [bmv2] [D] [thread 12545] [9.0] [cxt 0] Action entry is MyIngress.drop - 
[12:48:52.514] [bmv2] [T] [thread 12545] [9.0] [cxt 0] Action MyIngress.drop
[12:48:52.515] [bmv2] [T] [thread 12545] [9.0] [cxt 0] /home/vagrant/ans-lab/lab3/sml-eth/p4/main.p4(98) Primitive mark_to_drop(standard_metadata)
[12:48:52.516] [bmv2] [D] [thread 12545] [9.0] [cxt 0] Pipeline 'ingress': end
[12:48:52.516] [bmv2] [D] [thread 12545] [9.0] [cxt 0] Egress port is 511
[12:48:52.516] [bmv2] [D] [thread 12545] [9.0] [cxt 0] Dropping packet at the end of ingress
[12:48:52.516] [bmv2] [D] [thread 12545] [10.0] [cxt 0] Processing packet received on port 2
[12:48:52.516] [bmv2] [D] [thread 12545] [10.0] [cxt 0] Parser 'parser': start
[12:48:52.516] [bmv2] [D] [thread 12545] [10.0] [cxt 0] Parser 'parser' entering state 'start'
[12:48:52.516] [bmv2] [D] [thread 12545] [10.0] [cxt 0] Extracting header 'ethernet'
[12:48:52.516] [bmv2] [D] [thread 12545] [10.0] [cxt 0] Parser state 'start': key is 86dd
[12:48:52.516] [bmv2] [T] [thread 12545] [10.0] [cxt 0] Bytes parsed: 14
[12:48:52.519] [bmv2] [D] [thread 12545] [10.0] [cxt 0] Parser 'parser': end
[12:48:52.520] [bmv2] [D] [thread 12545] [10.0] [cxt 0] Pipeline 'ingress': start
[12:48:52.520] [bmv2] [T] [thread 12545] [10.0] [cxt 0] /home/vagrant/ans-lab/lab3/sml-eth/p4/main.p4(167) Condition "hdr.switchml.isValid() && hdr.switchml.flags == 0" (node_2) is false
[12:48:52.520] [bmv2] [T] [thread 12545] [10.0] [cxt 0] Applying table 'tbl_drop_0'
[12:48:52.520] [bmv2] [D] [thread 12545] [10.0] [cxt 0] Looking up key:

[12:48:52.520] [bmv2] [D] [thread 12545] [10.0] [cxt 0] Table 'tbl_drop_0': miss
[12:48:52.520] [bmv2] [D] [thread 12545] [10.0] [cxt 0] Action entry is MyIngress.drop - 
[12:48:52.521] [bmv2] [T] [thread 12545] [10.0] [cxt 0] Action MyIngress.drop
[12:48:52.522] [bmv2] [T] [thread 12545] [10.0] [cxt 0] /home/vagrant/ans-lab/lab3/sml-eth/p4/main.p4(98) Primitive mark_to_drop(standard_metadata)
[12:48:52.522] [bmv2] [D] [thread 12545] [10.0] [cxt 0] Pipeline 'ingress': end
[12:48:52.522] [bmv2] [D] [thread 12545] [10.0] [cxt 0] Egress port is 511
[12:48:52.522] [bmv2] [D] [thread 12545] [10.0] [cxt 0] Dropping packet at the end of ingress
[12:48:52.578] [bmv2] [D] [thread 12545] [11.0] [cxt 0] Processing packet received on port 3
[12:48:52.579] [bmv2] [D] [thread 12545] [11.0] [cxt 0] Parser 'parser': start
[12:48:52.581] [bmv2] [D] [thread 12545] [11.0] [cxt 0] Parser 'parser' entering state 'start'
[12:48:52.581] [bmv2] [D] [thread 12545] [11.0] [cxt 0] Extracting header 'ethernet'
[12:48:52.581] [bmv2] [D] [thread 12545] [11.0] [cxt 0] Parser state 'start': key is 86dd
[12:48:52.582] [bmv2] [T] [thread 12545] [11.0] [cxt 0] Bytes parsed: 14
[12:48:52.582] [bmv2] [D] [thread 12545] [11.0] [cxt 0] Parser 'parser': end
[12:48:52.583] [bmv2] [D] [thread 12545] [11.0] [cxt 0] Pipeline 'ingress': start
[12:48:52.584] [bmv2] [T] [thread 12545] [11.0] [cxt 0] /home/vagrant/ans-lab/lab3/sml-eth/p4/main.p4(167) Condition "hdr.switchml.isValid() && hdr.switchml.flags == 0" (node_2) is false
[12:48:52.584] [bmv2] [T] [thread 12545] [11.0] [cxt 0] Applying table 'tbl_drop_0'
[12:48:52.585] [bmv2] [D] [thread 12545] [11.0] [cxt 0] Looking up key:

[12:48:52.586] [bmv2] [D] [thread 12545] [11.0] [cxt 0] Table 'tbl_drop_0': miss
[12:48:52.587] [bmv2] [D] [thread 12545] [11.0] [cxt 0] Action entry is MyIngress.drop - 
[12:48:52.588] [bmv2] [T] [thread 12545] [11.0] [cxt 0] Action MyIngress.drop
[12:48:52.588] [bmv2] [T] [thread 12545] [11.0] [cxt 0] /home/vagrant/ans-lab/lab3/sml-eth/p4/main.p4(98) Primitive mark_to_drop(standard_metadata)
[12:48:52.588] [bmv2] [D] [thread 12545] [11.0] [cxt 0] Pipeline 'ingress': end
[12:48:52.588] [bmv2] [D] [thread 12545] [11.0] [cxt 0] Egress port is 511
[12:48:52.589] [bmv2] [D] [thread 12545] [11.0] [cxt 0] Dropping packet at the end of ingress
[12:48:52.742] [bmv2] [D] [thread 12545] [12.0] [cxt 0] Processing packet received on port 2
[12:48:52.743] [bmv2] [D] [thread 12545] [12.0] [cxt 0] Parser 'parser': start
[12:48:52.747] [bmv2] [D] [thread 12545] [12.0] [cxt 0] Parser 'parser' entering state 'start'
[12:48:52.748] [bmv2] [D] [thread 12545] [12.0] [cxt 0] Extracting header 'ethernet'
[12:48:52.748] [bmv2] [D] [thread 12545] [12.0] [cxt 0] Parser state 'start': key is 86dd
[12:48:52.748] [bmv2] [T] [thread 12545] [12.0] [cxt 0] Bytes parsed: 14
[12:48:52.749] [bmv2] [D] [thread 12545] [12.0] [cxt 0] Parser 'parser': end
[12:48:52.749] [bmv2] [D] [thread 12545] [12.0] [cxt 0] Pipeline 'ingress': start
[12:48:52.749] [bmv2] [T] [thread 12545] [12.0] [cxt 0] /home/vagrant/ans-lab/lab3/sml-eth/p4/main.p4(167) Condition "hdr.switchml.isValid() && hdr.switchml.flags == 0" (node_2) is false
[12:48:52.749] [bmv2] [T] [thread 12545] [12.0] [cxt 0] Applying table 'tbl_drop_0'
[12:48:52.749] [bmv2] [D] [thread 12545] [12.0] [cxt 0] Looking up key:

[12:48:52.749] [bmv2] [D] [thread 12545] [12.0] [cxt 0] Table 'tbl_drop_0': miss
[12:48:52.749] [bmv2] [D] [thread 12545] [12.0] [cxt 0] Action entry is MyIngress.drop - 
[12:48:52.749] [bmv2] [T] [thread 12545] [12.0] [cxt 0] Action MyIngress.drop
[12:48:52.749] [bmv2] [T] [thread 12545] [12.0] [cxt 0] /home/vagrant/ans-lab/lab3/sml-eth/p4/main.p4(98) Primitive mark_to_drop(standard_metadata)
[12:48:52.749] [bmv2] [D] [thread 12545] [12.0] [cxt 0] Pipeline 'ingress': end
[12:48:52.749] [bmv2] [D] [thread 12545] [12.0] [cxt 0] Egress port is 511
[12:48:52.750] [bmv2] [D] [thread 12545] [12.0] [cxt 0] Dropping packet at the end of ingress
open: No such file or directory
open: No such file or directory
open: No such file or directory
