Calling target program-options parser
[08:35:12.376] [bmv2] [D] [thread 88539] Set default default entry for table 'tbl_perform_aggregation': MyIngress.perform_aggregation - 
[08:35:12.377] [bmv2] [D] [thread 88539] Set default default entry for table 'tbl_multicast_result': MyIngress.multicast_result - 
[08:35:12.377] [bmv2] [D] [thread 88539] Set default default entry for table 'tbl_drop': MyIngress.drop - 
[08:35:12.377] [bmv2] [D] [thread 88539] Set default default entry for table 'tbl_drop_0': MyIngress.drop - 
[08:35:12.378] [bmv2] [D] [thread 88539] Set default default entry for table 'tbl_main241': main241 - 
[08:35:12.381] [bmv2] [D] [thread 88539] Set default default entry for table 'tbl_main246': main246 - 
[08:35:12.382] [bmv2] [D] [thread 88539] Set default default entry for table 'tbl_main251': main251 - 
Adding interface s1-eth1 as port 1
[08:35:12.387] [bmv2] [D] [thread 88539] Adding interface s1-eth1 as port 1
Adding interface s1-eth2 as port 2
[08:35:12.478] [bmv2] [D] [thread 88539] Adding interface s1-eth2 as port 2
Adding interface s1-eth3 as port 3
[08:35:12.549] [bmv2] [D] [thread 88539] Adding interface s1-eth3 as port 3
Server listening on 0.0.0.0:50051
[08:35:12.607] [bmv2] [I] [thread 88539] Starting Thrift server on port 9090
[08:35:12.609] [bmv2] [I] [thread 88539] Thrift server was started
[08:35:12.925] [bmv2] [W] [thread 88578] [P4Runtime] p4::tmp::P4DeviceConfig is deprecated
[08:35:12.932] [bmv2] [D] [thread 88578] Set default default entry for table 'tbl_perform_aggregation': MyIngress.perform_aggregation - 
[08:35:12.933] [bmv2] [D] [thread 88578] Set default default entry for table 'tbl_multicast_result': MyIngress.multicast_result - 
[08:35:12.934] [bmv2] [D] [thread 88578] Set default default entry for table 'tbl_drop': MyIngress.drop - 
[08:35:12.934] [bmv2] [D] [thread 88578] Set default default entry for table 'tbl_drop_0': MyIngress.drop - 
[08:35:12.935] [bmv2] [D] [thread 88578] Set default default entry for table 'tbl_main241': main241 - 
[08:35:12.936] [bmv2] [D] [thread 88578] Set default default entry for table 'tbl_main246': main246 - 
[08:35:12.937] [bmv2] [D] [thread 88578] Set default default entry for table 'tbl_main251': main251 - 
[08:35:12.942] [bmv2] [D] [thread 88578] simple_switch target has been notified of a config swap
[08:35:13.012] [bmv2] [D] [thread 88579] mgrp node created for mgid 1
[08:35:13.012] [bmv2] [D] [thread 88579] node created for rid 2
[08:35:13.013] [bmv2] [D] [thread 88579] node associated with mgid 1
[08:35:13.015] [bmv2] [D] [thread 88579] node created for rid 1
[08:35:13.016] [bmv2] [D] [thread 88579] node associated with mgid 1
[08:35:13.016] [bmv2] [D] [thread 88579] node created for rid 0
[08:35:13.016] [bmv2] [D] [thread 88579] node associated with mgid 1
[08:35:17.065] [bmv2] [D] [thread 88549] [0.0] [cxt 0] Processing packet received on port 1
[08:35:17.066] [bmv2] [D] [thread 88549] [0.0] [cxt 0] Parser 'parser': start
[08:35:17.066] [bmv2] [D] [thread 88549] [0.0] [cxt 0] Parser 'parser' entering state 'start'
[08:35:17.066] [bmv2] [D] [thread 88549] [0.0] [cxt 0] Extracting header 'ethernet'
[08:35:17.067] [bmv2] [D] [thread 88549] [0.0] [cxt 0] Parser state 'start': key is 0800
[08:35:17.068] [bmv2] [T] [thread 88549] [0.0] [cxt 0] Bytes parsed: 14
[08:35:17.068] [bmv2] [D] [thread 88549] [0.0] [cxt 0] Parser 'parser' entering state 'parse_ipv4'
[08:35:17.068] [bmv2] [D] [thread 88549] [0.0] [cxt 0] Extracting header 'ipv4'
[08:35:17.068] [bmv2] [D] [thread 88549] [0.0] [cxt 0] Parser state 'parse_ipv4': key is 11
[08:35:17.068] [bmv2] [T] [thread 88549] [0.0] [cxt 0] Bytes parsed: 34
[08:35:17.068] [bmv2] [D] [thread 88549] [0.0] [cxt 0] Parser 'parser' entering state 'parse_udp'
[08:35:17.068] [bmv2] [D] [thread 88549] [0.0] [cxt 0] Extracting header 'udp'
[08:35:17.068] [bmv2] [D] [thread 88549] [0.0] [cxt 0] Parser state 'parse_udp': key is 270f
[08:35:17.068] [bmv2] [T] [thread 88549] [0.0] [cxt 0] Bytes parsed: 42
[08:35:17.068] [bmv2] [D] [thread 88549] [0.0] [cxt 0] Parser 'parser' entering state 'parse_switchml'
[08:35:17.068] [bmv2] [D] [thread 88549] [0.0] [cxt 0] Extracting header 'switchml'
[08:35:17.069] [bmv2] [D] [thread 88549] [0.0] [cxt 0] Parser state 'parse_switchml' has no switch, going to default next state
[08:35:17.070] [bmv2] [T] [thread 88549] [0.0] [cxt 0] Bytes parsed: 62
[08:35:17.070] [bmv2] [D] [thread 88549] [0.0] [cxt 0] Parser 'parser': end
[08:35:17.070] [bmv2] [D] [thread 88549] [0.0] [cxt 0] Pipeline 'ingress': start
[08:35:17.070] [bmv2] [T] [thread 88549] [0.0] [cxt 0] /home/vagrant/ans-lab/lab3/sml-udp/p4/main.p4(216) Condition "hdr.ipv4.isValid() && hdr.udp.isValid() && ..." (node_2) is true
[08:35:17.071] [bmv2] [T] [thread 88549] [0.0] [cxt 0] Applying table 'tbl_perform_aggregation'
[08:35:17.071] [bmv2] [D] [thread 88549] [0.0] [cxt 0] Looking up key:

[08:35:17.071] [bmv2] [D] [thread 88549] [0.0] [cxt 0] Table 'tbl_perform_aggregation': miss
[08:35:17.071] [bmv2] [D] [thread 88549] [0.0] [cxt 0] Action entry is MyIngress.perform_aggregation - 
[08:35:17.072] [bmv2] [T] [thread 88549] [0.0] [cxt 0] Action MyIngress.perform_aggregation
[08:35:17.073] [bmv2] [T] [thread 88549] [0.0] [cxt 0] /home/vagrant/ans-lab/lab3/sml-udp/p4/main.p4(151) Primitive reg_index
[08:35:17.074] [bmv2] [T] [thread 88549] [0.0] [cxt 0] /home/vagrant/ans-lab/lab3/sml-udp/p4/main.p4(151) Primitive agg_value0.read(current_val0, reg_index)
[08:35:17.074] [bmv2] [T] [thread 88549] [0.0] [cxt 0] Read register 'MyIngress.agg_value0' at index 0 read value 0
[08:35:17.074] [bmv2] [T] [thread 88549] [0.0] [cxt 0] /home/vagrant/ans-lab/lab3/sml-udp/p4/main.p4(152) Primitive reg_index
[08:35:17.074] [bmv2] [T] [thread 88549] [0.0] [cxt 0] /home/vagrant/ans-lab/lab3/sml-udp/p4/main.p4(152) Primitive agg_value1.read(current_val1, reg_index)
[08:35:17.074] [bmv2] [T] [thread 88549] [0.0] [cxt 0] Read register 'MyIngress.agg_value1' at index 0 read value 0
[08:35:17.074] [bmv2] [T] [thread 88549] [0.0] [cxt 0] /home/vagrant/ans-lab/lab3/sml-udp/p4/main.p4(153) Primitive reg_index
[08:35:17.074] [bmv2] [T] [thread 88549] [0.0] [cxt 0] /home/vagrant/ans-lab/lab3/sml-udp/p4/main.p4(153) Primitive agg_value2.read(current_val2, reg_index)
[08:35:17.074] [bmv2] [T] [thread 88549] [0.0] [cxt 0] Read register 'MyIngress.agg_value2' at index 0 read value 0
[08:35:17.075] [bmv2] [T] [thread 88549] [0.0] [cxt 0] /home/vagrant/ans-lab/lab3/sml-udp/p4/main.p4(154) Primitive reg_index
[08:35:17.075] [bmv2] [T] [thread 88549] [0.0] [cxt 0] /home/vagrant/ans-lab/lab3/sml-udp/p4/main.p4(154) Primitive agg_value3.read(current_val3, reg_index)
[08:35:17.075] [bmv2] [T] [thread 88549] [0.0] [cxt 0] Read register 'MyIngress.agg_value3' at index 0 read value 0
[08:35:17.075] [bmv2] [T] [thread 88549] [0.0] [cxt 0] /home/vagrant/ans-lab/lab3/sml-udp/p4/main.p4(155) Primitive reg_index
[08:35:17.075] [bmv2] [T] [thread 88549] [0.0] [cxt 0] /home/vagrant/ans-lab/lab3/sml-udp/p4/main.p4(155) Primitive agg_count.read(current_count, reg_index)
[08:35:17.075] [bmv2] [T] [thread 88549] [0.0] [cxt 0] Read register 'MyIngress.agg_count' at index 0 read value 0
[08:35:17.075] [bmv2] [T] [thread 88549] [0.0] [cxt 0] /home/vagrant/ans-lab/lab3/sml-udp/p4/main.p4(158) Primitive current_val0 = current_val0 + hdr.switchml.value0
[08:35:17.075] [bmv2] [T] [thread 88549] [0.0] [cxt 0] /home/vagrant/ans-lab/lab3/sml-udp/p4/main.p4(159) Primitive current_val1 = current_val1 + hdr.switchml.value1
[08:35:17.075] [bmv2] [T] [thread 88549] [0.0] [cxt 0] /home/vagrant/ans-lab/lab3/sml-udp/p4/main.p4(160) Primitive current_val2 = current_val2 + hdr.switchml.value2
[08:35:17.075] [bmv2] [T] [thread 88549] [0.0] [cxt 0] /home/vagrant/ans-lab/lab3/sml-udp/p4/main.p4(161) Primitive current_val3 = current_val3 + hdr.switchml.value3
[08:35:17.075] [bmv2] [T] [thread 88549] [0.0] [cxt 0] /home/vagrant/ans-lab/lab3/sml-udp/p4/main.p4(162) Primitive current_count = current_count + 1
[08:35:17.076] [bmv2] [T] [thread 88549] [0.0] [cxt 0] /home/vagrant/ans-lab/lab3/sml-udp/p4/main.p4(165) Primitive reg_index
[08:35:17.076] [bmv2] [T] [thread 88549] [0.0] [cxt 0] /home/vagrant/ans-lab/lab3/sml-udp/p4/main.p4(165) Primitive agg_value0.write(reg_index, current_val0)
[08:35:17.077] [bmv2] [T] [thread 88549] [0.0] [cxt 0] Wrote register 'MyIngress.agg_value0' at index 0 with value 100
[08:35:17.077] [bmv2] [T] [thread 88549] [0.0] [cxt 0] /home/vagrant/ans-lab/lab3/sml-udp/p4/main.p4(166) Primitive reg_index
[08:35:17.077] [bmv2] [T] [thread 88549] [0.0] [cxt 0] /home/vagrant/ans-lab/lab3/sml-udp/p4/main.p4(166) Primitive agg_value1.write(reg_index, current_val1)
[08:35:17.078] [bmv2] [T] [thread 88549] [0.0] [cxt 0] Wrote register 'MyIngress.agg_value1' at index 0 with value 200
[08:35:17.079] [bmv2] [T] [thread 88549] [0.0] [cxt 0] /home/vagrant/ans-lab/lab3/sml-udp/p4/main.p4(167) Primitive reg_index
[08:35:17.080] [bmv2] [T] [thread 88549] [0.0] [cxt 0] /home/vagrant/ans-lab/lab3/sml-udp/p4/main.p4(167) Primitive agg_value2.write(reg_index, current_val2)
[08:35:17.080] [bmv2] [T] [thread 88549] [0.0] [cxt 0] Wrote register 'MyIngress.agg_value2' at index 0 with value 300
[08:35:17.081] [bmv2] [T] [thread 88549] [0.0] [cxt 0] /home/vagrant/ans-lab/lab3/sml-udp/p4/main.p4(168) Primitive reg_index
[08:35:17.082] [bmv2] [T] [thread 88549] [0.0] [cxt 0] /home/vagrant/ans-lab/lab3/sml-udp/p4/main.p4(168) Primitive agg_value3.write(reg_index, current_val3)
[08:35:17.083] [bmv2] [T] [thread 88549] [0.0] [cxt 0] Wrote register 'MyIngress.agg_value3' at index 0 with value 400
[08:35:17.083] [bmv2] [T] [thread 88549] [0.0] [cxt 0] /home/vagrant/ans-lab/lab3/sml-udp/p4/main.p4(169) Primitive reg_index
[08:35:17.083] [bmv2] [T] [thread 88549] [0.0] [cxt 0] /home/vagrant/ans-lab/lab3/sml-udp/p4/main.p4(169) Primitive agg_count.write(reg_index, current_count)
[08:35:17.083] [bmv2] [T] [thread 88549] [0.0] [cxt 0] Wrote register 'MyIngress.agg_count' at index 0 with value 1
[08:35:17.083] [bmv2] [T] [thread 88549] [0.0] [cxt 0] /home/vagrant/ans-lab/lab3/sml-udp/p4/main.p4(172) Primitive if
[08:35:17.083] [bmv2] [T] [thread 88549] [0.0] [cxt 0] /home/vagrant/ans-lab/lab3/sml-udp/p4/main.p4(189) Primitive meta.is_last_worker = 0
[08:35:17.083] [bmv2] [T] [thread 88549] [0.0] [cxt 0] /home/vagrant/ans-lab/lab3/sml-udp/p4/main.p4(219) Condition "meta.is_last_worker == 1" (node_4) is false
[08:35:17.083] [bmv2] [T] [thread 88549] [0.0] [cxt 0] Applying table 'tbl_drop'
[08:35:17.083] [bmv2] [D] [thread 88549] [0.0] [cxt 0] Looking up key:

[08:35:17.083] [bmv2] [D] [thread 88549] [0.0] [cxt 0] Table 'tbl_drop': miss
[08:35:17.084] [bmv2] [D] [thread 88549] [0.0] [cxt 0] Action entry is MyIngress.drop - 
[08:35:17.084] [bmv2] [T] [thread 88549] [0.0] [cxt 0] Action MyIngress.drop
[08:35:17.085] [bmv2] [T] [thread 88549] [0.0] [cxt 0] /home/vagrant/ans-lab/lab3/sml-udp/p4/main.p4(137) Primitive mark_to_drop(standard_metadata)
[08:35:17.085] [bmv2] [D] [thread 88549] [0.0] [cxt 0] Pipeline 'ingress': end
[08:35:17.086] [bmv2] [D] [thread 88549] [0.0] [cxt 0] Egress port is 511
[08:35:17.086] [bmv2] [D] [thread 88549] [0.0] [cxt 0] Dropping packet at the end of ingress
[08:35:17.468] [bmv2] [D] [thread 88549] [1.0] [cxt 0] Processing packet received on port 2
[08:35:17.468] [bmv2] [D] [thread 88549] [1.0] [cxt 0] Parser 'parser': start
[08:35:17.469] [bmv2] [D] [thread 88549] [1.0] [cxt 0] Parser 'parser' entering state 'start'
[08:35:17.469] [bmv2] [D] [thread 88549] [1.0] [cxt 0] Extracting header 'ethernet'
[08:35:17.470] [bmv2] [D] [thread 88549] [1.0] [cxt 0] Parser state 'start': key is 0800
[08:35:17.470] [bmv2] [T] [thread 88549] [1.0] [cxt 0] Bytes parsed: 14
[08:35:17.470] [bmv2] [D] [thread 88549] [1.0] [cxt 0] Parser 'parser' entering state 'parse_ipv4'
[08:35:17.470] [bmv2] [D] [thread 88549] [1.0] [cxt 0] Extracting header 'ipv4'
[08:35:17.471] [bmv2] [D] [thread 88549] [1.0] [cxt 0] Parser state 'parse_ipv4': key is 11
[08:35:17.471] [bmv2] [T] [thread 88549] [1.0] [cxt 0] Bytes parsed: 34
[08:35:17.472] [bmv2] [D] [thread 88549] [1.0] [cxt 0] Parser 'parser' entering state 'parse_udp'
[08:35:17.472] [bmv2] [D] [thread 88549] [1.0] [cxt 0] Extracting header 'udp'
[08:35:17.473] [bmv2] [D] [thread 88549] [1.0] [cxt 0] Parser state 'parse_udp': key is 270f
[08:35:17.473] [bmv2] [T] [thread 88549] [1.0] [cxt 0] Bytes parsed: 42
[08:35:17.475] [bmv2] [D] [thread 88549] [1.0] [cxt 0] Parser 'parser' entering state 'parse_switchml'
[08:35:17.476] [bmv2] [D] [thread 88549] [1.0] [cxt 0] Extracting header 'switchml'
[08:35:17.476] [bmv2] [D] [thread 88549] [1.0] [cxt 0] Parser state 'parse_switchml' has no switch, going to default next state
[08:35:17.477] [bmv2] [T] [thread 88549] [1.0] [cxt 0] Bytes parsed: 62
[08:35:17.478] [bmv2] [D] [thread 88549] [1.0] [cxt 0] Parser 'parser': end
[08:35:17.478] [bmv2] [D] [thread 88549] [1.0] [cxt 0] Pipeline 'ingress': start
[08:35:17.479] [bmv2] [T] [thread 88549] [1.0] [cxt 0] /home/vagrant/ans-lab/lab3/sml-udp/p4/main.p4(216) Condition "hdr.ipv4.isValid() && hdr.udp.isValid() && ..." (node_2) is true
[08:35:17.479] [bmv2] [T] [thread 88549] [1.0] [cxt 0] Applying table 'tbl_perform_aggregation'
[08:35:17.479] [bmv2] [D] [thread 88549] [1.0] [cxt 0] Looking up key:

[08:35:17.480] [bmv2] [D] [thread 88549] [1.0] [cxt 0] Table 'tbl_perform_aggregation': miss
[08:35:17.480] [bmv2] [D] [thread 88549] [1.0] [cxt 0] Action entry is MyIngress.perform_aggregation - 
[08:35:17.481] [bmv2] [T] [thread 88549] [1.0] [cxt 0] Action MyIngress.perform_aggregation
[08:35:17.482] [bmv2] [T] [thread 88549] [1.0] [cxt 0] /home/vagrant/ans-lab/lab3/sml-udp/p4/main.p4(151) Primitive reg_index
[08:35:17.482] [bmv2] [T] [thread 88549] [1.0] [cxt 0] /home/vagrant/ans-lab/lab3/sml-udp/p4/main.p4(151) Primitive agg_value0.read(current_val0, reg_index)
[08:35:17.483] [bmv2] [T] [thread 88549] [1.0] [cxt 0] Read register 'MyIngress.agg_value0' at index 0 read value 100
[08:35:17.484] [bmv2] [T] [thread 88549] [1.0] [cxt 0] /home/vagrant/ans-lab/lab3/sml-udp/p4/main.p4(152) Primitive reg_index
[08:35:17.484] [bmv2] [T] [thread 88549] [1.0] [cxt 0] /home/vagrant/ans-lab/lab3/sml-udp/p4/main.p4(152) Primitive agg_value1.read(current_val1, reg_index)
[08:35:17.485] [bmv2] [T] [thread 88549] [1.0] [cxt 0] Read register 'MyIngress.agg_value1' at index 0 read value 200
[08:35:17.485] [bmv2] [T] [thread 88549] [1.0] [cxt 0] /home/vagrant/ans-lab/lab3/sml-udp/p4/main.p4(153) Primitive reg_index
[08:35:17.486] [bmv2] [T] [thread 88549] [1.0] [cxt 0] /home/vagrant/ans-lab/lab3/sml-udp/p4/main.p4(153) Primitive agg_value2.read(current_val2, reg_index)
[08:35:17.487] [bmv2] [T] [thread 88549] [1.0] [cxt 0] Read register 'MyIngress.agg_value2' at index 0 read value 300
[08:35:17.488] [bmv2] [T] [thread 88549] [1.0] [cxt 0] /home/vagrant/ans-lab/lab3/sml-udp/p4/main.p4(154) Primitive reg_index
[08:35:17.489] [bmv2] [T] [thread 88549] [1.0] [cxt 0] /home/vagrant/ans-lab/lab3/sml-udp/p4/main.p4(154) Primitive agg_value3.read(current_val3, reg_index)
[08:35:17.490] [bmv2] [T] [thread 88549] [1.0] [cxt 0] Read register 'MyIngress.agg_value3' at index 0 read value 400
[08:35:17.490] [bmv2] [T] [thread 88549] [1.0] [cxt 0] /home/vagrant/ans-lab/lab3/sml-udp/p4/main.p4(155) Primitive reg_index
[08:35:17.491] [bmv2] [T] [thread 88549] [1.0] [cxt 0] /home/vagrant/ans-lab/lab3/sml-udp/p4/main.p4(155) Primitive agg_count.read(current_count, reg_index)
[08:35:17.492] [bmv2] [T] [thread 88549] [1.0] [cxt 0] Read register 'MyIngress.agg_count' at index 0 read value 1
[08:35:17.492] [bmv2] [T] [thread 88549] [1.0] [cxt 0] /home/vagrant/ans-lab/lab3/sml-udp/p4/main.p4(158) Primitive current_val0 = current_val0 + hdr.switchml.value0
[08:35:17.493] [bmv2] [T] [thread 88549] [1.0] [cxt 0] /home/vagrant/ans-lab/lab3/sml-udp/p4/main.p4(159) Primitive current_val1 = current_val1 + hdr.switchml.value1
[08:35:17.493] [bmv2] [T] [thread 88549] [1.0] [cxt 0] /home/vagrant/ans-lab/lab3/sml-udp/p4/main.p4(160) Primitive current_val2 = current_val2 + hdr.switchml.value2
[08:35:17.494] [bmv2] [T] [thread 88549] [1.0] [cxt 0] /home/vagrant/ans-lab/lab3/sml-udp/p4/main.p4(161) Primitive current_val3 = current_val3 + hdr.switchml.value3
[08:35:17.494] [bmv2] [T] [thread 88549] [1.0] [cxt 0] /home/vagrant/ans-lab/lab3/sml-udp/p4/main.p4(162) Primitive current_count = current_count + 1
[08:35:17.495] [bmv2] [T] [thread 88549] [1.0] [cxt 0] /home/vagrant/ans-lab/lab3/sml-udp/p4/main.p4(165) Primitive reg_index
[08:35:17.495] [bmv2] [T] [thread 88549] [1.0] [cxt 0] /home/vagrant/ans-lab/lab3/sml-udp/p4/main.p4(165) Primitive agg_value0.write(reg_index, current_val0)
[08:35:17.496] [bmv2] [T] [thread 88549] [1.0] [cxt 0] Wrote register 'MyIngress.agg_value0' at index 0 with value 200
[08:35:17.496] [bmv2] [T] [thread 88549] [1.0] [cxt 0] /home/vagrant/ans-lab/lab3/sml-udp/p4/main.p4(166) Primitive reg_index
[08:35:17.498] [bmv2] [T] [thread 88549] [1.0] [cxt 0] /home/vagrant/ans-lab/lab3/sml-udp/p4/main.p4(166) Primitive agg_value1.write(reg_index, current_val1)
[08:35:17.499] [bmv2] [T] [thread 88549] [1.0] [cxt 0] Wrote register 'MyIngress.agg_value1' at index 0 with value 400
[08:35:17.499] [bmv2] [T] [thread 88549] [1.0] [cxt 0] /home/vagrant/ans-lab/lab3/sml-udp/p4/main.p4(167) Primitive reg_index
[08:35:17.500] [bmv2] [T] [thread 88549] [1.0] [cxt 0] /home/vagrant/ans-lab/lab3/sml-udp/p4/main.p4(167) Primitive agg_value2.write(reg_index, current_val2)
[08:35:17.500] [bmv2] [T] [thread 88549] [1.0] [cxt 0] Wrote register 'MyIngress.agg_value2' at index 0 with value 600
[08:35:17.501] [bmv2] [T] [thread 88549] [1.0] [cxt 0] /home/vagrant/ans-lab/lab3/sml-udp/p4/main.p4(168) Primitive reg_index
[08:35:17.502] [bmv2] [T] [thread 88549] [1.0] [cxt 0] /home/vagrant/ans-lab/lab3/sml-udp/p4/main.p4(168) Primitive agg_value3.write(reg_index, current_val3)
[08:35:17.502] [bmv2] [T] [thread 88549] [1.0] [cxt 0] Wrote register 'MyIngress.agg_value3' at index 0 with value 800
[08:35:17.503] [bmv2] [T] [thread 88549] [1.0] [cxt 0] /home/vagrant/ans-lab/lab3/sml-udp/p4/main.p4(169) Primitive reg_index
[08:35:17.503] [bmv2] [T] [thread 88549] [1.0] [cxt 0] /home/vagrant/ans-lab/lab3/sml-udp/p4/main.p4(169) Primitive agg_count.write(reg_index, current_count)
[08:35:17.504] [bmv2] [T] [thread 88549] [1.0] [cxt 0] Wrote register 'MyIngress.agg_count' at index 0 with value 2
[08:35:17.505] [bmv2] [T] [thread 88549] [1.0] [cxt 0] /home/vagrant/ans-lab/lab3/sml-udp/p4/main.p4(172) Primitive if
[08:35:17.505] [bmv2] [T] [thread 88549] [1.0] [cxt 0] /home/vagrant/ans-lab/lab3/sml-udp/p4/main.p4(189) Primitive meta.is_last_worker = 0
[08:35:17.506] [bmv2] [T] [thread 88549] [1.0] [cxt 0] /home/vagrant/ans-lab/lab3/sml-udp/p4/main.p4(219) Condition "meta.is_last_worker == 1" (node_4) is false
[08:35:17.506] [bmv2] [T] [thread 88549] [1.0] [cxt 0] Applying table 'tbl_drop'
[08:35:17.507] [bmv2] [D] [thread 88549] [1.0] [cxt 0] Looking up key:

[08:35:17.507] [bmv2] [D] [thread 88549] [1.0] [cxt 0] Table 'tbl_drop': miss
[08:35:17.508] [bmv2] [D] [thread 88549] [1.0] [cxt 0] Action entry is MyIngress.drop - 
[08:35:17.508] [bmv2] [T] [thread 88549] [1.0] [cxt 0] Action MyIngress.drop
[08:35:17.508] [bmv2] [T] [thread 88549] [1.0] [cxt 0] /home/vagrant/ans-lab/lab3/sml-udp/p4/main.p4(137) Primitive mark_to_drop(standard_metadata)
[08:35:17.509] [bmv2] [D] [thread 88549] [1.0] [cxt 0] Pipeline 'ingress': end
[08:35:17.509] [bmv2] [D] [thread 88549] [1.0] [cxt 0] Egress port is 511
[08:35:17.510] [bmv2] [D] [thread 88549] [1.0] [cxt 0] Dropping packet at the end of ingress
[08:35:18.027] [bmv2] [D] [thread 88549] [2.0] [cxt 0] Processing packet received on port 3
[08:35:18.028] [bmv2] [D] [thread 88549] [2.0] [cxt 0] Parser 'parser': start
[08:35:18.029] [bmv2] [D] [thread 88549] [2.0] [cxt 0] Parser 'parser' entering state 'start'
[08:35:18.029] [bmv2] [D] [thread 88549] [2.0] [cxt 0] Extracting header 'ethernet'
[08:35:18.029] [bmv2] [D] [thread 88549] [2.0] [cxt 0] Parser state 'start': key is 0800
[08:35:18.030] [bmv2] [T] [thread 88549] [2.0] [cxt 0] Bytes parsed: 14
[08:35:18.030] [bmv2] [D] [thread 88549] [2.0] [cxt 0] Parser 'parser' entering state 'parse_ipv4'
[08:35:18.030] [bmv2] [D] [thread 88549] [2.0] [cxt 0] Extracting header 'ipv4'
[08:35:18.031] [bmv2] [D] [thread 88549] [2.0] [cxt 0] Parser state 'parse_ipv4': key is 11
[08:35:18.031] [bmv2] [T] [thread 88549] [2.0] [cxt 0] Bytes parsed: 34
[08:35:18.031] [bmv2] [D] [thread 88549] [2.0] [cxt 0] Parser 'parser' entering state 'parse_udp'
[08:35:18.032] [bmv2] [D] [thread 88549] [2.0] [cxt 0] Extracting header 'udp'
[08:35:18.034] [bmv2] [D] [thread 88549] [2.0] [cxt 0] Parser state 'parse_udp': key is 270f
[08:35:18.034] [bmv2] [T] [thread 88549] [2.0] [cxt 0] Bytes parsed: 42
[08:35:18.034] [bmv2] [D] [thread 88549] [2.0] [cxt 0] Parser 'parser' entering state 'parse_switchml'
[08:35:18.034] [bmv2] [D] [thread 88549] [2.0] [cxt 0] Extracting header 'switchml'
[08:35:18.034] [bmv2] [D] [thread 88549] [2.0] [cxt 0] Parser state 'parse_switchml' has no switch, going to default next state
[08:35:18.035] [bmv2] [T] [thread 88549] [2.0] [cxt 0] Bytes parsed: 62
[08:35:18.035] [bmv2] [D] [thread 88549] [2.0] [cxt 0] Parser 'parser': end
[08:35:18.035] [bmv2] [D] [thread 88549] [2.0] [cxt 0] Pipeline 'ingress': start
[08:35:18.035] [bmv2] [T] [thread 88549] [2.0] [cxt 0] /home/vagrant/ans-lab/lab3/sml-udp/p4/main.p4(216) Condition "hdr.ipv4.isValid() && hdr.udp.isValid() && ..." (node_2) is true
[08:35:18.035] [bmv2] [T] [thread 88549] [2.0] [cxt 0] Applying table 'tbl_perform_aggregation'
[08:35:18.035] [bmv2] [D] [thread 88549] [2.0] [cxt 0] Looking up key:

[08:35:18.035] [bmv2] [D] [thread 88549] [2.0] [cxt 0] Table 'tbl_perform_aggregation': miss
[08:35:18.035] [bmv2] [D] [thread 88549] [2.0] [cxt 0] Action entry is MyIngress.perform_aggregation - 
[08:35:18.035] [bmv2] [T] [thread 88549] [2.0] [cxt 0] Action MyIngress.perform_aggregation
[08:35:18.035] [bmv2] [T] [thread 88549] [2.0] [cxt 0] /home/vagrant/ans-lab/lab3/sml-udp/p4/main.p4(151) Primitive reg_index
[08:35:18.036] [bmv2] [T] [thread 88549] [2.0] [cxt 0] /home/vagrant/ans-lab/lab3/sml-udp/p4/main.p4(151) Primitive agg_value0.read(current_val0, reg_index)
[08:35:18.036] [bmv2] [T] [thread 88549] [2.0] [cxt 0] Read register 'MyIngress.agg_value0' at index 0 read value 200
[08:35:18.036] [bmv2] [T] [thread 88549] [2.0] [cxt 0] /home/vagrant/ans-lab/lab3/sml-udp/p4/main.p4(152) Primitive reg_index
[08:35:18.036] [bmv2] [T] [thread 88549] [2.0] [cxt 0] /home/vagrant/ans-lab/lab3/sml-udp/p4/main.p4(152) Primitive agg_value1.read(current_val1, reg_index)
[08:35:18.036] [bmv2] [T] [thread 88549] [2.0] [cxt 0] Read register 'MyIngress.agg_value1' at index 0 read value 400
[08:35:18.037] [bmv2] [T] [thread 88549] [2.0] [cxt 0] /home/vagrant/ans-lab/lab3/sml-udp/p4/main.p4(153) Primitive reg_index
[08:35:18.037] [bmv2] [T] [thread 88549] [2.0] [cxt 0] /home/vagrant/ans-lab/lab3/sml-udp/p4/main.p4(153) Primitive agg_value2.read(current_val2, reg_index)
[08:35:18.038] [bmv2] [T] [thread 88549] [2.0] [cxt 0] Read register 'MyIngress.agg_value2' at index 0 read value 600
[08:35:18.038] [bmv2] [T] [thread 88549] [2.0] [cxt 0] /home/vagrant/ans-lab/lab3/sml-udp/p4/main.p4(154) Primitive reg_index
[08:35:18.038] [bmv2] [T] [thread 88549] [2.0] [cxt 0] /home/vagrant/ans-lab/lab3/sml-udp/p4/main.p4(154) Primitive agg_value3.read(current_val3, reg_index)
[08:35:18.038] [bmv2] [T] [thread 88549] [2.0] [cxt 0] Read register 'MyIngress.agg_value3' at index 0 read value 800
[08:35:18.038] [bmv2] [T] [thread 88549] [2.0] [cxt 0] /home/vagrant/ans-lab/lab3/sml-udp/p4/main.p4(155) Primitive reg_index
[08:35:18.038] [bmv2] [T] [thread 88549] [2.0] [cxt 0] /home/vagrant/ans-lab/lab3/sml-udp/p4/main.p4(155) Primitive agg_count.read(current_count, reg_index)
[08:35:18.038] [bmv2] [T] [thread 88549] [2.0] [cxt 0] Read register 'MyIngress.agg_count' at index 0 read value 2
[08:35:18.038] [bmv2] [T] [thread 88549] [2.0] [cxt 0] /home/vagrant/ans-lab/lab3/sml-udp/p4/main.p4(158) Primitive current_val0 = current_val0 + hdr.switchml.value0
[08:35:18.038] [bmv2] [T] [thread 88549] [2.0] [cxt 0] /home/vagrant/ans-lab/lab3/sml-udp/p4/main.p4(159) Primitive current_val1 = current_val1 + hdr.switchml.value1
[08:35:18.038] [bmv2] [T] [thread 88549] [2.0] [cxt 0] /home/vagrant/ans-lab/lab3/sml-udp/p4/main.p4(160) Primitive current_val2 = current_val2 + hdr.switchml.value2
[08:35:18.038] [bmv2] [T] [thread 88549] [2.0] [cxt 0] /home/vagrant/ans-lab/lab3/sml-udp/p4/main.p4(161) Primitive current_val3 = current_val3 + hdr.switchml.value3
[08:35:18.039] [bmv2] [T] [thread 88549] [2.0] [cxt 0] /home/vagrant/ans-lab/lab3/sml-udp/p4/main.p4(162) Primitive current_count = current_count + 1
[08:35:18.040] [bmv2] [T] [thread 88549] [2.0] [cxt 0] /home/vagrant/ans-lab/lab3/sml-udp/p4/main.p4(165) Primitive reg_index
[08:35:18.040] [bmv2] [T] [thread 88549] [2.0] [cxt 0] /home/vagrant/ans-lab/lab3/sml-udp/p4/main.p4(165) Primitive agg_value0.write(reg_index, current_val0)
[08:35:18.040] [bmv2] [T] [thread 88549] [2.0] [cxt 0] Wrote register 'MyIngress.agg_value0' at index 0 with value 300
[08:35:18.040] [bmv2] [T] [thread 88549] [2.0] [cxt 0] /home/vagrant/ans-lab/lab3/sml-udp/p4/main.p4(166) Primitive reg_index
[08:35:18.040] [bmv2] [T] [thread 88549] [2.0] [cxt 0] /home/vagrant/ans-lab/lab3/sml-udp/p4/main.p4(166) Primitive agg_value1.write(reg_index, current_val1)
[08:35:18.040] [bmv2] [T] [thread 88549] [2.0] [cxt 0] Wrote register 'MyIngress.agg_value1' at index 0 with value 600
[08:35:18.040] [bmv2] [T] [thread 88549] [2.0] [cxt 0] /home/vagrant/ans-lab/lab3/sml-udp/p4/main.p4(167) Primitive reg_index
[08:35:18.040] [bmv2] [T] [thread 88549] [2.0] [cxt 0] /home/vagrant/ans-lab/lab3/sml-udp/p4/main.p4(167) Primitive agg_value2.write(reg_index, current_val2)
[08:35:18.040] [bmv2] [T] [thread 88549] [2.0] [cxt 0] Wrote register 'MyIngress.agg_value2' at index 0 with value 900
[08:35:18.040] [bmv2] [T] [thread 88549] [2.0] [cxt 0] /home/vagrant/ans-lab/lab3/sml-udp/p4/main.p4(168) Primitive reg_index
[08:35:18.040] [bmv2] [T] [thread 88549] [2.0] [cxt 0] /home/vagrant/ans-lab/lab3/sml-udp/p4/main.p4(168) Primitive agg_value3.write(reg_index, current_val3)
[08:35:18.041] [bmv2] [T] [thread 88549] [2.0] [cxt 0] Wrote register 'MyIngress.agg_value3' at index 0 with value 1200
[08:35:18.041] [bmv2] [T] [thread 88549] [2.0] [cxt 0] /home/vagrant/ans-lab/lab3/sml-udp/p4/main.p4(169) Primitive reg_index
[08:35:18.041] [bmv2] [T] [thread 88549] [2.0] [cxt 0] /home/vagrant/ans-lab/lab3/sml-udp/p4/main.p4(169) Primitive agg_count.write(reg_index, current_count)
[08:35:18.042] [bmv2] [T] [thread 88549] [2.0] [cxt 0] Wrote register 'MyIngress.agg_count' at index 0 with value 3
[08:35:18.042] [bmv2] [T] [thread 88549] [2.0] [cxt 0] /home/vagrant/ans-lab/lab3/sml-udp/p4/main.p4(172) Primitive if
[08:35:18.042] [bmv2] [T] [thread 88549] [2.0] [cxt 0] /home/vagrant/ans-lab/lab3/sml-udp/p4/main.p4(174) Primitive hdr.switchml.value0 = current_val0
[08:35:18.042] [bmv2] [T] [thread 88549] [2.0] [cxt 0] /home/vagrant/ans-lab/lab3/sml-udp/p4/main.p4(175) Primitive hdr.switchml.value1 = current_val1
[08:35:18.042] [bmv2] [T] [thread 88549] [2.0] [cxt 0] /home/vagrant/ans-lab/lab3/sml-udp/p4/main.p4(176) Primitive hdr.switchml.value2 = current_val2
[08:35:18.042] [bmv2] [T] [thread 88549] [2.0] [cxt 0] /home/vagrant/ans-lab/lab3/sml-udp/p4/main.p4(177) Primitive hdr.switchml.value3 = current_val3
[08:35:18.043] [bmv2] [T] [thread 88549] [2.0] [cxt 0] /home/vagrant/ans-lab/lab3/sml-udp/p4/main.p4(178) Primitive hdr.switchml.flags = 1
[08:35:18.043] [bmv2] [T] [thread 88549] [2.0] [cxt 0] /home/vagrant/ans-lab/lab3/sml-udp/p4/main.p4(181) Primitive reg_index
[08:35:18.043] [bmv2] [T] [thread 88549] [2.0] [cxt 0] /home/vagrant/ans-lab/lab3/sml-udp/p4/main.p4(181) Primitive agg_value0.write(reg_index, 0)
[08:35:18.043] [bmv2] [T] [thread 88549] [2.0] [cxt 0] Wrote register 'MyIngress.agg_value0' at index 0 with value 0
[08:35:18.043] [bmv2] [T] [thread 88549] [2.0] [cxt 0] /home/vagrant/ans-lab/lab3/sml-udp/p4/main.p4(182) Primitive reg_index
[08:35:18.043] [bmv2] [T] [thread 88549] [2.0] [cxt 0] /home/vagrant/ans-lab/lab3/sml-udp/p4/main.p4(182) Primitive agg_value1.write(reg_index, 0)
[08:35:18.043] [bmv2] [T] [thread 88549] [2.0] [cxt 0] Wrote register 'MyIngress.agg_value1' at index 0 with value 0
[08:35:18.043] [bmv2] [T] [thread 88549] [2.0] [cxt 0] /home/vagrant/ans-lab/lab3/sml-udp/p4/main.p4(183) Primitive reg_index
[08:35:18.043] [bmv2] [T] [thread 88549] [2.0] [cxt 0] /home/vagrant/ans-lab/lab3/sml-udp/p4/main.p4(183) Primitive agg_value2.write(reg_index, 0)
[08:35:18.043] [bmv2] [T] [thread 88549] [2.0] [cxt 0] Wrote register 'MyIngress.agg_value2' at index 0 with value 0
[08:35:18.043] [bmv2] [T] [thread 88549] [2.0] [cxt 0] /home/vagrant/ans-lab/lab3/sml-udp/p4/main.p4(184) Primitive reg_index
[08:35:18.043] [bmv2] [T] [thread 88549] [2.0] [cxt 0] /home/vagrant/ans-lab/lab3/sml-udp/p4/main.p4(184) Primitive agg_value3.write(reg_index, 0)
[08:35:18.043] [bmv2] [T] [thread 88549] [2.0] [cxt 0] Wrote register 'MyIngress.agg_value3' at index 0 with value 0
[08:35:18.043] [bmv2] [T] [thread 88549] [2.0] [cxt 0] /home/vagrant/ans-lab/lab3/sml-udp/p4/main.p4(185) Primitive reg_index
[08:35:18.043] [bmv2] [T] [thread 88549] [2.0] [cxt 0] /home/vagrant/ans-lab/lab3/sml-udp/p4/main.p4(185) Primitive agg_count.write(reg_index, 0)
[08:35:18.044] [bmv2] [T] [thread 88549] [2.0] [cxt 0] Wrote register 'MyIngress.agg_count' at index 0 with value 0
[08:35:18.044] [bmv2] [T] [thread 88549] [2.0] [cxt 0] /home/vagrant/ans-lab/lab3/sml-udp/p4/main.p4(187) Primitive meta.is_last_worker = 1
[08:35:18.045] [bmv2] [T] [thread 88549] [2.0] [cxt 0] /home/vagrant/ans-lab/lab3/sml-udp/p4/main.p4(172) Primitive if
[08:35:18.046] [bmv2] [T] [thread 88549] [2.0] [cxt 0] /home/vagrant/ans-lab/lab3/sml-udp/p4/main.p4(219) Condition "meta.is_last_worker == 1" (node_4) is true
[08:35:18.047] [bmv2] [T] [thread 88549] [2.0] [cxt 0] Applying table 'tbl_multicast_result'
[08:35:18.048] [bmv2] [D] [thread 88549] [2.0] [cxt 0] Looking up key:

[08:35:18.049] [bmv2] [D] [thread 88549] [2.0] [cxt 0] Table 'tbl_multicast_result': miss
[08:35:18.049] [bmv2] [D] [thread 88549] [2.0] [cxt 0] Action entry is MyIngress.multicast_result - 
[08:35:18.050] [bmv2] [T] [thread 88549] [2.0] [cxt 0] Action MyIngress.multicast_result
[08:35:18.050] [bmv2] [T] [thread 88549] [2.0] [cxt 0] /home/vagrant/ans-lab/lab3/sml-udp/p4/main.p4(195) Primitive standard_metadata.mcast_grp = 1
[08:35:18.051] [bmv2] [T] [thread 88549] [2.0] [cxt 0] /home/vagrant/ans-lab/lab3/sml-udp/p4/main.p4(198) Primitive hdr.ipv4.srcAddr = 0x0a000064
[08:35:18.051] [bmv2] [T] [thread 88549] [2.0] [cxt 0] /home/vagrant/ans-lab/lab3/sml-udp/p4/main.p4(199) Primitive hdr.ethernet.srcAddr = 0x000000000100
[08:35:18.051] [bmv2] [T] [thread 88549] [2.0] [cxt 0] /home/vagrant/ans-lab/lab3/sml-udp/p4/main.p4(200) Primitive hdr.udp.srcPort = 9999
[08:35:18.051] [bmv2] [T] [thread 88549] [2.0] [cxt 0] /home/vagrant/ans-lab/lab3/sml-udp/p4/main.p4(206) Primitive hdr.ipv4.ttl = 64
[08:35:18.051] [bmv2] [T] [thread 88549] [2.0] [cxt 0] /home/vagrant/ans-lab/lab3/sml-udp/p4/main.p4(209) Primitive hdr.ipv4.totalLen = 48
[08:35:18.051] [bmv2] [T] [thread 88549] [2.0] [cxt 0] /home/vagrant/ans-lab/lab3/sml-udp/p4/main.p4(212) Primitive hdr.udp.length = 28
[08:35:18.052] [bmv2] [D] [thread 88549] [2.0] [cxt 0] Pipeline 'ingress': end
[08:35:18.052] [bmv2] [D] [thread 88549] [2.0] [cxt 0] Multicast requested for packet
[08:35:18.052] [bmv2] [D] [thread 88549] number of packets replicated : 3
[08:35:18.052] [bmv2] [D] [thread 88549] [2.0] [cxt 0] Replicating packet on port 3
[08:35:18.053] [bmv2] [D] [thread 88549] [2.0] [cxt 0] Replicating packet on port 2
[08:35:18.053] [bmv2] [D] [thread 88549] [2.0] [cxt 0] Replicating packet on port 1
[08:35:18.053] [bmv2] [D] [thread 88553] [2.1] [cxt 0] Pipeline 'egress': start
[08:35:18.055] [bmv2] [T] [thread 88553] [2.1] [cxt 0] /home/vagrant/ans-lab/lab3/sml-udp/p4/main.p4(237) Condition "standard_metadata.mcast_grp == 1" (node_10) is true
[08:35:18.055] [bmv2] [T] [thread 88553] [2.1] [cxt 0] /home/vagrant/ans-lab/lab3/sml-udp/p4/main.p4(239) Condition "standard_metadata.egress_port == 1" (node_11) is false
[08:35:18.055] [bmv2] [T] [thread 88553] [2.1] [cxt 0] /home/vagrant/ans-lab/lab3/sml-udp/p4/main.p4(244) Condition "standard_metadata.egress_port == 2" (node_13) is false
[08:35:18.056] [bmv2] [T] [thread 88553] [2.1] [cxt 0] /home/vagrant/ans-lab/lab3/sml-udp/p4/main.p4(249) Condition "standard_metadata.egress_port == 3" (node_15) is true
[08:35:18.057] [bmv2] [T] [thread 88553] [2.1] [cxt 0] Applying table 'tbl_main251'
[08:35:18.057] [bmv2] [D] [thread 88553] [2.1] [cxt 0] Looking up key:

[08:35:18.054] [bmv2] [D] [thread 88551] [2.3] [cxt 0] Pipeline 'egress': start
[08:35:18.057] [bmv2] [D] [thread 88553] [2.1] [cxt 0] Table 'tbl_main251': miss
[08:35:18.057] [bmv2] [T] [thread 88551] [2.3] [cxt 0] /home/vagrant/ans-lab/lab3/sml-udp/p4/main.p4(237) Condition "standard_metadata.mcast_grp == 1" (node_10) is true
[08:35:18.058] [bmv2] [T] [thread 88551] [2.3] [cxt 0] /home/vagrant/ans-lab/lab3/sml-udp/p4/main.p4(239) Condition "standard_metadata.egress_port == 1" (node_11) is true
[08:35:18.058] [bmv2] [T] [thread 88551] [2.3] [cxt 0] Applying table 'tbl_main241'
[08:35:18.058] [bmv2] [D] [thread 88551] [2.3] [cxt 0] Looking up key:

[08:35:18.058] [bmv2] [D] [thread 88551] [2.3] [cxt 0] Table 'tbl_main241': miss
[08:35:18.059] [bmv2] [D] [thread 88551] [2.3] [cxt 0] Action entry is main241 - 
[08:35:18.060] [bmv2] [T] [thread 88551] [2.3] [cxt 0] Action main241
[08:35:18.060] [bmv2] [T] [thread 88551] [2.3] [cxt 0] /home/vagrant/ans-lab/lab3/sml-udp/p4/main.p4(241) Primitive hdr.ipv4.dstAddr = 0x0a000001
[08:35:18.060] [bmv2] [T] [thread 88551] [2.3] [cxt 0] /home/vagrant/ans-lab/lab3/sml-udp/p4/main.p4(242) Primitive hdr.ethernet.dstAddr = 0x000000000101
[08:35:18.060] [bmv2] [T] [thread 88551] [2.3] [cxt 0] /home/vagrant/ans-lab/lab3/sml-udp/p4/main.p4(243) Primitive hdr.udp.dstPort = 10000
[08:35:18.060] [bmv2] [D] [thread 88551] [2.3] [cxt 0] Pipeline 'egress': end
[08:35:18.061] [bmv2] [D] [thread 88551] [2.3] [cxt 0] Deparser 'deparser': start
[08:35:18.061] [bmv2] [D] [thread 88551] [2.3] [cxt 0] Updating checksum 'cksum'
[08:35:18.061] [bmv2] [D] [thread 88551] [2.3] [cxt 0] Deparsing header 'ethernet'
[08:35:18.061] [bmv2] [D] [thread 88551] [2.3] [cxt 0] Deparsing header 'ipv4'
[08:35:18.061] [bmv2] [D] [thread 88551] [2.3] [cxt 0] Deparsing header 'udp'
[08:35:18.061] [bmv2] [D] [thread 88551] [2.3] [cxt 0] Deparsing header 'switchml'
[08:35:18.062] [bmv2] [D] [thread 88551] [2.3] [cxt 0] Deparser 'deparser': end
[08:35:18.054] [bmv2] [D] [thread 88552] [2.2] [cxt 0] Pipeline 'egress': start
[08:35:18.062] [bmv2] [T] [thread 88552] [2.2] [cxt 0] /home/vagrant/ans-lab/lab3/sml-udp/p4/main.p4(237) Condition "standard_metadata.mcast_grp == 1" (node_10) is true
[08:35:18.062] [bmv2] [T] [thread 88552] [2.2] [cxt 0] /home/vagrant/ans-lab/lab3/sml-udp/p4/main.p4(239) Condition "standard_metadata.egress_port == 1" (node_11) is false
[08:35:18.062] [bmv2] [T] [thread 88552] [2.2] [cxt 0] /home/vagrant/ans-lab/lab3/sml-udp/p4/main.p4(244) Condition "standard_metadata.egress_port == 2" (node_13) is true
[08:35:18.062] [bmv2] [D] [thread 88554] [2.3] [cxt 0] Transmitting packet of size 62 out of port 1
[08:35:18.057] [bmv2] [D] [thread 88553] [2.1] [cxt 0] Action entry is main251 - 
[08:35:18.063] [bmv2] [T] [thread 88553] [2.1] [cxt 0] Action main251
[08:35:18.064] [bmv2] [T] [thread 88553] [2.1] [cxt 0] /home/vagrant/ans-lab/lab3/sml-udp/p4/main.p4(251) Primitive hdr.ipv4.dstAddr = 0x0a000003
[08:35:18.065] [bmv2] [T] [thread 88553] [2.1] [cxt 0] /home/vagrant/ans-lab/lab3/sml-udp/p4/main.p4(252) Primitive hdr.ethernet.dstAddr = 0x000000000103
[08:35:18.065] [bmv2] [T] [thread 88553] [2.1] [cxt 0] /home/vagrant/ans-lab/lab3/sml-udp/p4/main.p4(253) Primitive hdr.udp.dstPort = 10002
[08:35:18.062] [bmv2] [T] [thread 88552] [2.2] [cxt 0] Applying table 'tbl_main246'
[08:35:18.065] [bmv2] [D] [thread 88552] [2.2] [cxt 0] Looking up key:

[08:35:18.065] [bmv2] [D] [thread 88552] [2.2] [cxt 0] Table 'tbl_main246': miss
[08:35:18.065] [bmv2] [D] [thread 88552] [2.2] [cxt 0] Action entry is main246 - 
[08:35:18.065] [bmv2] [T] [thread 88552] [2.2] [cxt 0] Action main246
[08:35:18.066] [bmv2] [T] [thread 88552] [2.2] [cxt 0] /home/vagrant/ans-lab/lab3/sml-udp/p4/main.p4(246) Primitive hdr.ipv4.dstAddr = 0x0a000002
[08:35:18.066] [bmv2] [T] [thread 88552] [2.2] [cxt 0] /home/vagrant/ans-lab/lab3/sml-udp/p4/main.p4(247) Primitive hdr.ethernet.dstAddr = 0x000000000102
[08:35:18.065] [bmv2] [D] [thread 88553] [2.1] [cxt 0] Pipeline 'egress': end
[08:35:18.066] [bmv2] [D] [thread 88553] [2.1] [cxt 0] Deparser 'deparser': start
[08:35:18.066] [bmv2] [D] [thread 88553] [2.1] [cxt 0] Updating checksum 'cksum'
[08:35:18.066] [bmv2] [D] [thread 88553] [2.1] [cxt 0] Deparsing header 'ethernet'
[08:35:18.067] [bmv2] [D] [thread 88553] [2.1] [cxt 0] Deparsing header 'ipv4'
[08:35:18.067] [bmv2] [D] [thread 88553] [2.1] [cxt 0] Deparsing header 'udp'
[08:35:18.067] [bmv2] [D] [thread 88553] [2.1] [cxt 0] Deparsing header 'switchml'
[08:35:18.067] [bmv2] [D] [thread 88553] [2.1] [cxt 0] Deparser 'deparser': end
[08:35:18.066] [bmv2] [T] [thread 88552] [2.2] [cxt 0] /home/vagrant/ans-lab/lab3/sml-udp/p4/main.p4(248) Primitive hdr.udp.dstPort = 10001
[08:35:18.067] [bmv2] [D] [thread 88552] [2.2] [cxt 0] Pipeline 'egress': end
[08:35:18.067] [bmv2] [D] [thread 88552] [2.2] [cxt 0] Deparser 'deparser': start
[08:35:18.067] [bmv2] [D] [thread 88552] [2.2] [cxt 0] Updating checksum 'cksum'
[08:35:18.067] [bmv2] [D] [thread 88552] [2.2] [cxt 0] Deparsing header 'ethernet'
[08:35:18.068] [bmv2] [D] [thread 88552] [2.2] [cxt 0] Deparsing header 'ipv4'
[08:35:18.068] [bmv2] [D] [thread 88552] [2.2] [cxt 0] Deparsing header 'udp'
[08:35:18.068] [bmv2] [D] [thread 88552] [2.2] [cxt 0] Deparsing header 'switchml'
[08:35:18.068] [bmv2] [D] [thread 88552] [2.2] [cxt 0] Deparser 'deparser': end
[08:35:18.067] [bmv2] [D] [thread 88554] [2.1] [cxt 0] Transmitting packet of size 62 out of port 3
[08:35:18.070] [bmv2] [D] [thread 88554] [2.2] [cxt 0] Transmitting packet of size 62 out of port 2
[08:35:18.273] [bmv2] [D] [thread 88549] [3.0] [cxt 0] Processing packet received on port 1
[08:35:18.279] [bmv2] [D] [thread 88549] [3.0] [cxt 0] Parser 'parser': start
[08:35:18.282] [bmv2] [D] [thread 88549] [3.0] [cxt 0] Parser 'parser' entering state 'start'
[08:35:18.282] [bmv2] [D] [thread 88549] [3.0] [cxt 0] Extracting header 'ethernet'
[08:35:18.283] [bmv2] [D] [thread 88549] [3.0] [cxt 0] Parser state 'start': key is 0800
[08:35:18.283] [bmv2] [T] [thread 88549] [3.0] [cxt 0] Bytes parsed: 14
[08:35:18.283] [bmv2] [D] [thread 88549] [3.0] [cxt 0] Parser 'parser' entering state 'parse_ipv4'
[08:35:18.283] [bmv2] [D] [thread 88549] [3.0] [cxt 0] Extracting header 'ipv4'
[08:35:18.283] [bmv2] [D] [thread 88549] [3.0] [cxt 0] Parser state 'parse_ipv4': key is 11
[08:35:18.284] [bmv2] [T] [thread 88549] [3.0] [cxt 0] Bytes parsed: 34
[08:35:18.284] [bmv2] [D] [thread 88549] [3.0] [cxt 0] Parser 'parser' entering state 'parse_udp'
[08:35:18.284] [bmv2] [D] [thread 88549] [3.0] [cxt 0] Extracting header 'udp'
[08:35:18.284] [bmv2] [D] [thread 88549] [3.0] [cxt 0] Parser state 'parse_udp': key is 270f
[08:35:18.284] [bmv2] [T] [thread 88549] [3.0] [cxt 0] Bytes parsed: 42
[08:35:18.284] [bmv2] [D] [thread 88549] [3.0] [cxt 0] Parser 'parser' entering state 'parse_switchml'
[08:35:18.284] [bmv2] [D] [thread 88549] [3.0] [cxt 0] Extracting header 'switchml'
[08:35:18.284] [bmv2] [D] [thread 88549] [3.0] [cxt 0] Parser state 'parse_switchml' has no switch, going to default next state
[08:35:18.284] [bmv2] [T] [thread 88549] [3.0] [cxt 0] Bytes parsed: 62
[08:35:18.284] [bmv2] [D] [thread 88549] [3.0] [cxt 0] Parser 'parser': end
[08:35:18.284] [bmv2] [D] [thread 88549] [3.0] [cxt 0] Pipeline 'ingress': start
[08:35:18.285] [bmv2] [T] [thread 88549] [3.0] [cxt 0] /home/vagrant/ans-lab/lab3/sml-udp/p4/main.p4(216) Condition "hdr.ipv4.isValid() && hdr.udp.isValid() && ..." (node_2) is true
[08:35:18.286] [bmv2] [T] [thread 88549] [3.0] [cxt 0] Applying table 'tbl_perform_aggregation'
[08:35:18.287] [bmv2] [D] [thread 88549] [3.0] [cxt 0] Looking up key:

[08:35:18.288] [bmv2] [D] [thread 88549] [3.0] [cxt 0] Table 'tbl_perform_aggregation': miss
[08:35:18.288] [bmv2] [D] [thread 88549] [3.0] [cxt 0] Action entry is MyIngress.perform_aggregation - 
[08:35:18.289] [bmv2] [T] [thread 88549] [3.0] [cxt 0] Action MyIngress.perform_aggregation
[08:35:18.289] [bmv2] [T] [thread 88549] [3.0] [cxt 0] /home/vagrant/ans-lab/lab3/sml-udp/p4/main.p4(151) Primitive reg_index
[08:35:18.289] [bmv2] [T] [thread 88549] [3.0] [cxt 0] /home/vagrant/ans-lab/lab3/sml-udp/p4/main.p4(151) Primitive agg_value0.read(current_val0, reg_index)
[08:35:18.290] [bmv2] [T] [thread 88549] [3.0] [cxt 0] Read register 'MyIngress.agg_value0' at index 1 read value 0
[08:35:18.290] [bmv2] [T] [thread 88549] [3.0] [cxt 0] /home/vagrant/ans-lab/lab3/sml-udp/p4/main.p4(152) Primitive reg_index
[08:35:18.291] [bmv2] [T] [thread 88549] [3.0] [cxt 0] /home/vagrant/ans-lab/lab3/sml-udp/p4/main.p4(152) Primitive agg_value1.read(current_val1, reg_index)
[08:35:18.291] [bmv2] [T] [thread 88549] [3.0] [cxt 0] Read register 'MyIngress.agg_value1' at index 1 read value 0
[08:35:18.292] [bmv2] [T] [thread 88549] [3.0] [cxt 0] /home/vagrant/ans-lab/lab3/sml-udp/p4/main.p4(153) Primitive reg_index
[08:35:18.293] [bmv2] [T] [thread 88549] [3.0] [cxt 0] /home/vagrant/ans-lab/lab3/sml-udp/p4/main.p4(153) Primitive agg_value2.read(current_val2, reg_index)
[08:35:18.293] [bmv2] [T] [thread 88549] [3.0] [cxt 0] Read register 'MyIngress.agg_value2' at index 1 read value 0
[08:35:18.293] [bmv2] [T] [thread 88549] [3.0] [cxt 0] /home/vagrant/ans-lab/lab3/sml-udp/p4/main.p4(154) Primitive reg_index
[08:35:18.294] [bmv2] [T] [thread 88549] [3.0] [cxt 0] /home/vagrant/ans-lab/lab3/sml-udp/p4/main.p4(154) Primitive agg_value3.read(current_val3, reg_index)
[08:35:18.294] [bmv2] [T] [thread 88549] [3.0] [cxt 0] Read register 'MyIngress.agg_value3' at index 1 read value 0
[08:35:18.294] [bmv2] [T] [thread 88549] [3.0] [cxt 0] /home/vagrant/ans-lab/lab3/sml-udp/p4/main.p4(155) Primitive reg_index
[08:35:18.294] [bmv2] [T] [thread 88549] [3.0] [cxt 0] /home/vagrant/ans-lab/lab3/sml-udp/p4/main.p4(155) Primitive agg_count.read(current_count, reg_index)
[08:35:18.294] [bmv2] [T] [thread 88549] [3.0] [cxt 0] Read register 'MyIngress.agg_count' at index 1 read value 0
[08:35:18.294] [bmv2] [T] [thread 88549] [3.0] [cxt 0] /home/vagrant/ans-lab/lab3/sml-udp/p4/main.p4(158) Primitive current_val0 = current_val0 + hdr.switchml.value0
[08:35:18.294] [bmv2] [T] [thread 88549] [3.0] [cxt 0] /home/vagrant/ans-lab/lab3/sml-udp/p4/main.p4(159) Primitive current_val1 = current_val1 + hdr.switchml.value1
[08:35:18.294] [bmv2] [T] [thread 88549] [3.0] [cxt 0] /home/vagrant/ans-lab/lab3/sml-udp/p4/main.p4(160) Primitive current_val2 = current_val2 + hdr.switchml.value2
[08:35:18.294] [bmv2] [T] [thread 88549] [3.0] [cxt 0] /home/vagrant/ans-lab/lab3/sml-udp/p4/main.p4(161) Primitive current_val3 = current_val3 + hdr.switchml.value3
[08:35:18.294] [bmv2] [T] [thread 88549] [3.0] [cxt 0] /home/vagrant/ans-lab/lab3/sml-udp/p4/main.p4(162) Primitive current_count = current_count + 1
[08:35:18.294] [bmv2] [T] [thread 88549] [3.0] [cxt 0] /home/vagrant/ans-lab/lab3/sml-udp/p4/main.p4(165) Primitive reg_index
[08:35:18.295] [bmv2] [T] [thread 88549] [3.0] [cxt 0] /home/vagrant/ans-lab/lab3/sml-udp/p4/main.p4(165) Primitive agg_value0.write(reg_index, current_val0)
[08:35:18.295] [bmv2] [T] [thread 88549] [3.0] [cxt 0] Wrote register 'MyIngress.agg_value0' at index 1 with value 500
[08:35:18.295] [bmv2] [T] [thread 88549] [3.0] [cxt 0] /home/vagrant/ans-lab/lab3/sml-udp/p4/main.p4(166) Primitive reg_index
[08:35:18.295] [bmv2] [T] [thread 88549] [3.0] [cxt 0] /home/vagrant/ans-lab/lab3/sml-udp/p4/main.p4(166) Primitive agg_value1.write(reg_index, current_val1)
[08:35:18.295] [bmv2] [T] [thread 88549] [3.0] [cxt 0] Wrote register 'MyIngress.agg_value1' at index 1 with value 600
[08:35:18.295] [bmv2] [T] [thread 88549] [3.0] [cxt 0] /home/vagrant/ans-lab/lab3/sml-udp/p4/main.p4(167) Primitive reg_index
[08:35:18.296] [bmv2] [T] [thread 88549] [3.0] [cxt 0] /home/vagrant/ans-lab/lab3/sml-udp/p4/main.p4(167) Primitive agg_value2.write(reg_index, current_val2)
[08:35:18.296] [bmv2] [T] [thread 88549] [3.0] [cxt 0] Wrote register 'MyIngress.agg_value2' at index 1 with value 700
[08:35:18.296] [bmv2] [T] [thread 88549] [3.0] [cxt 0] /home/vagrant/ans-lab/lab3/sml-udp/p4/main.p4(168) Primitive reg_index
[08:35:18.296] [bmv2] [T] [thread 88549] [3.0] [cxt 0] /home/vagrant/ans-lab/lab3/sml-udp/p4/main.p4(168) Primitive agg_value3.write(reg_index, current_val3)
[08:35:18.296] [bmv2] [T] [thread 88549] [3.0] [cxt 0] Wrote register 'MyIngress.agg_value3' at index 1 with value 800
[08:35:18.296] [bmv2] [T] [thread 88549] [3.0] [cxt 0] /home/vagrant/ans-lab/lab3/sml-udp/p4/main.p4(169) Primitive reg_index
[08:35:18.296] [bmv2] [T] [thread 88549] [3.0] [cxt 0] /home/vagrant/ans-lab/lab3/sml-udp/p4/main.p4(169) Primitive agg_count.write(reg_index, current_count)
[08:35:18.296] [bmv2] [T] [thread 88549] [3.0] [cxt 0] Wrote register 'MyIngress.agg_count' at index 1 with value 1
[08:35:18.296] [bmv2] [T] [thread 88549] [3.0] [cxt 0] /home/vagrant/ans-lab/lab3/sml-udp/p4/main.p4(172) Primitive if
[08:35:18.296] [bmv2] [T] [thread 88549] [3.0] [cxt 0] /home/vagrant/ans-lab/lab3/sml-udp/p4/main.p4(189) Primitive meta.is_last_worker = 0
[08:35:18.296] [bmv2] [T] [thread 88549] [3.0] [cxt 0] /home/vagrant/ans-lab/lab3/sml-udp/p4/main.p4(219) Condition "meta.is_last_worker == 1" (node_4) is false
[08:35:18.297] [bmv2] [T] [thread 88549] [3.0] [cxt 0] Applying table 'tbl_drop'
[08:35:18.297] [bmv2] [D] [thread 88549] [3.0] [cxt 0] Looking up key:

[08:35:18.297] [bmv2] [D] [thread 88549] [3.0] [cxt 0] Table 'tbl_drop': miss
[08:35:18.298] [bmv2] [D] [thread 88549] [3.0] [cxt 0] Action entry is MyIngress.drop - 
[08:35:18.299] [bmv2] [T] [thread 88549] [3.0] [cxt 0] Action MyIngress.drop
[08:35:18.299] [bmv2] [T] [thread 88549] [3.0] [cxt 0] /home/vagrant/ans-lab/lab3/sml-udp/p4/main.p4(137) Primitive mark_to_drop(standard_metadata)
[08:35:18.299] [bmv2] [D] [thread 88549] [3.0] [cxt 0] Pipeline 'ingress': end
[08:35:18.299] [bmv2] [D] [thread 88549] [3.0] [cxt 0] Egress port is 511
[08:35:18.299] [bmv2] [D] [thread 88549] [3.0] [cxt 0] Dropping packet at the end of ingress
[08:35:18.299] [bmv2] [D] [thread 88549] [4.0] [cxt 0] Processing packet received on port 2
[08:35:18.299] [bmv2] [D] [thread 88549] [4.0] [cxt 0] Parser 'parser': start
[08:35:18.299] [bmv2] [D] [thread 88549] [4.0] [cxt 0] Parser 'parser' entering state 'start'
[08:35:18.299] [bmv2] [D] [thread 88549] [4.0] [cxt 0] Extracting header 'ethernet'
[08:35:18.299] [bmv2] [D] [thread 88549] [4.0] [cxt 0] Parser state 'start': key is 0800
[08:35:18.299] [bmv2] [T] [thread 88549] [4.0] [cxt 0] Bytes parsed: 14
[08:35:18.299] [bmv2] [D] [thread 88549] [4.0] [cxt 0] Parser 'parser' entering state 'parse_ipv4'
[08:35:18.299] [bmv2] [D] [thread 88549] [4.0] [cxt 0] Extracting header 'ipv4'
[08:35:18.299] [bmv2] [D] [thread 88549] [4.0] [cxt 0] Parser state 'parse_ipv4': key is 11
[08:35:18.299] [bmv2] [T] [thread 88549] [4.0] [cxt 0] Bytes parsed: 34
[08:35:18.299] [bmv2] [D] [thread 88549] [4.0] [cxt 0] Parser 'parser' entering state 'parse_udp'
[08:35:18.300] [bmv2] [D] [thread 88549] [4.0] [cxt 0] Extracting header 'udp'
[08:35:18.300] [bmv2] [D] [thread 88549] [4.0] [cxt 0] Parser state 'parse_udp': key is 270f
[08:35:18.300] [bmv2] [T] [thread 88549] [4.0] [cxt 0] Bytes parsed: 42
[08:35:18.300] [bmv2] [D] [thread 88549] [4.0] [cxt 0] Parser 'parser' entering state 'parse_switchml'
[08:35:18.300] [bmv2] [D] [thread 88549] [4.0] [cxt 0] Extracting header 'switchml'
[08:35:18.300] [bmv2] [D] [thread 88549] [4.0] [cxt 0] Parser state 'parse_switchml' has no switch, going to default next state
[08:35:18.300] [bmv2] [T] [thread 88549] [4.0] [cxt 0] Bytes parsed: 62
[08:35:18.300] [bmv2] [D] [thread 88549] [4.0] [cxt 0] Parser 'parser': end
[08:35:18.301] [bmv2] [D] [thread 88549] [4.0] [cxt 0] Pipeline 'ingress': start
[08:35:18.301] [bmv2] [T] [thread 88549] [4.0] [cxt 0] /home/vagrant/ans-lab/lab3/sml-udp/p4/main.p4(216) Condition "hdr.ipv4.isValid() && hdr.udp.isValid() && ..." (node_2) is true
[08:35:18.302] [bmv2] [T] [thread 88549] [4.0] [cxt 0] Applying table 'tbl_perform_aggregation'
[08:35:18.302] [bmv2] [D] [thread 88549] [4.0] [cxt 0] Looking up key:

[08:35:18.303] [bmv2] [D] [thread 88549] [4.0] [cxt 0] Table 'tbl_perform_aggregation': miss
[08:35:18.303] [bmv2] [D] [thread 88549] [4.0] [cxt 0] Action entry is MyIngress.perform_aggregation - 
[08:35:18.303] [bmv2] [T] [thread 88549] [4.0] [cxt 0] Action MyIngress.perform_aggregation
[08:35:18.304] [bmv2] [T] [thread 88549] [4.0] [cxt 0] /home/vagrant/ans-lab/lab3/sml-udp/p4/main.p4(151) Primitive reg_index
[08:35:18.304] [bmv2] [T] [thread 88549] [4.0] [cxt 0] /home/vagrant/ans-lab/lab3/sml-udp/p4/main.p4(151) Primitive agg_value0.read(current_val0, reg_index)
[08:35:18.304] [bmv2] [T] [thread 88549] [4.0] [cxt 0] Read register 'MyIngress.agg_value0' at index 1 read value 500
[08:35:18.304] [bmv2] [T] [thread 88549] [4.0] [cxt 0] /home/vagrant/ans-lab/lab3/sml-udp/p4/main.p4(152) Primitive reg_index
[08:35:18.305] [bmv2] [T] [thread 88549] [4.0] [cxt 0] /home/vagrant/ans-lab/lab3/sml-udp/p4/main.p4(152) Primitive agg_value1.read(current_val1, reg_index)
[08:35:18.305] [bmv2] [T] [thread 88549] [4.0] [cxt 0] Read register 'MyIngress.agg_value1' at index 1 read value 600
[08:35:18.307] [bmv2] [T] [thread 88549] [4.0] [cxt 0] /home/vagrant/ans-lab/lab3/sml-udp/p4/main.p4(153) Primitive reg_index
[08:35:18.307] [bmv2] [T] [thread 88549] [4.0] [cxt 0] /home/vagrant/ans-lab/lab3/sml-udp/p4/main.p4(153) Primitive agg_value2.read(current_val2, reg_index)
[08:35:18.308] [bmv2] [T] [thread 88549] [4.0] [cxt 0] Read register 'MyIngress.agg_value2' at index 1 read value 700
[08:35:18.309] [bmv2] [T] [thread 88549] [4.0] [cxt 0] /home/vagrant/ans-lab/lab3/sml-udp/p4/main.p4(154) Primitive reg_index
[08:35:18.310] [bmv2] [T] [thread 88549] [4.0] [cxt 0] /home/vagrant/ans-lab/lab3/sml-udp/p4/main.p4(154) Primitive agg_value3.read(current_val3, reg_index)
[08:35:18.310] [bmv2] [T] [thread 88549] [4.0] [cxt 0] Read register 'MyIngress.agg_value3' at index 1 read value 800
[08:35:18.310] [bmv2] [T] [thread 88549] [4.0] [cxt 0] /home/vagrant/ans-lab/lab3/sml-udp/p4/main.p4(155) Primitive reg_index
[08:35:18.310] [bmv2] [T] [thread 88549] [4.0] [cxt 0] /home/vagrant/ans-lab/lab3/sml-udp/p4/main.p4(155) Primitive agg_count.read(current_count, reg_index)
[08:35:18.310] [bmv2] [T] [thread 88549] [4.0] [cxt 0] Read register 'MyIngress.agg_count' at index 1 read value 1
[08:35:18.310] [bmv2] [T] [thread 88549] [4.0] [cxt 0] /home/vagrant/ans-lab/lab3/sml-udp/p4/main.p4(158) Primitive current_val0 = current_val0 + hdr.switchml.value0
[08:35:18.310] [bmv2] [T] [thread 88549] [4.0] [cxt 0] /home/vagrant/ans-lab/lab3/sml-udp/p4/main.p4(159) Primitive current_val1 = current_val1 + hdr.switchml.value1
[08:35:18.310] [bmv2] [T] [thread 88549] [4.0] [cxt 0] /home/vagrant/ans-lab/lab3/sml-udp/p4/main.p4(160) Primitive current_val2 = current_val2 + hdr.switchml.value2
[08:35:18.310] [bmv2] [T] [thread 88549] [4.0] [cxt 0] /home/vagrant/ans-lab/lab3/sml-udp/p4/main.p4(161) Primitive current_val3 = current_val3 + hdr.switchml.value3
[08:35:18.310] [bmv2] [T] [thread 88549] [4.0] [cxt 0] /home/vagrant/ans-lab/lab3/sml-udp/p4/main.p4(162) Primitive current_count = current_count + 1
[08:35:18.311] [bmv2] [T] [thread 88549] [4.0] [cxt 0] /home/vagrant/ans-lab/lab3/sml-udp/p4/main.p4(165) Primitive reg_index
[08:35:18.311] [bmv2] [T] [thread 88549] [4.0] [cxt 0] /home/vagrant/ans-lab/lab3/sml-udp/p4/main.p4(165) Primitive agg_value0.write(reg_index, current_val0)
[08:35:18.311] [bmv2] [T] [thread 88549] [4.0] [cxt 0] Wrote register 'MyIngress.agg_value0' at index 1 with value 1000
[08:35:18.311] [bmv2] [T] [thread 88549] [4.0] [cxt 0] /home/vagrant/ans-lab/lab3/sml-udp/p4/main.p4(166) Primitive reg_index
[08:35:18.311] [bmv2] [T] [thread 88549] [4.0] [cxt 0] /home/vagrant/ans-lab/lab3/sml-udp/p4/main.p4(166) Primitive agg_value1.write(reg_index, current_val1)
[08:35:18.311] [bmv2] [T] [thread 88549] [4.0] [cxt 0] Wrote register 'MyIngress.agg_value1' at index 1 with value 1200
[08:35:18.311] [bmv2] [T] [thread 88549] [4.0] [cxt 0] /home/vagrant/ans-lab/lab3/sml-udp/p4/main.p4(167) Primitive reg_index
[08:35:18.311] [bmv2] [T] [thread 88549] [4.0] [cxt 0] /home/vagrant/ans-lab/lab3/sml-udp/p4/main.p4(167) Primitive agg_value2.write(reg_index, current_val2)
[08:35:18.311] [bmv2] [T] [thread 88549] [4.0] [cxt 0] Wrote register 'MyIngress.agg_value2' at index 1 with value 1400
[08:35:18.311] [bmv2] [T] [thread 88549] [4.0] [cxt 0] /home/vagrant/ans-lab/lab3/sml-udp/p4/main.p4(168) Primitive reg_index
[08:35:18.312] [bmv2] [T] [thread 88549] [4.0] [cxt 0] /home/vagrant/ans-lab/lab3/sml-udp/p4/main.p4(168) Primitive agg_value3.write(reg_index, current_val3)
[08:35:18.312] [bmv2] [T] [thread 88549] [4.0] [cxt 0] Wrote register 'MyIngress.agg_value3' at index 1 with value 1600
[08:35:18.312] [bmv2] [T] [thread 88549] [4.0] [cxt 0] /home/vagrant/ans-lab/lab3/sml-udp/p4/main.p4(169) Primitive reg_index
[08:35:18.312] [bmv2] [T] [thread 88549] [4.0] [cxt 0] /home/vagrant/ans-lab/lab3/sml-udp/p4/main.p4(169) Primitive agg_count.write(reg_index, current_count)
[08:35:18.312] [bmv2] [T] [thread 88549] [4.0] [cxt 0] Wrote register 'MyIngress.agg_count' at index 1 with value 2
[08:35:18.312] [bmv2] [T] [thread 88549] [4.0] [cxt 0] /home/vagrant/ans-lab/lab3/sml-udp/p4/main.p4(172) Primitive if
[08:35:18.312] [bmv2] [T] [thread 88549] [4.0] [cxt 0] /home/vagrant/ans-lab/lab3/sml-udp/p4/main.p4(189) Primitive meta.is_last_worker = 0
[08:35:18.312] [bmv2] [T] [thread 88549] [4.0] [cxt 0] /home/vagrant/ans-lab/lab3/sml-udp/p4/main.p4(219) Condition "meta.is_last_worker == 1" (node_4) is false
[08:35:18.312] [bmv2] [T] [thread 88549] [4.0] [cxt 0] Applying table 'tbl_drop'
[08:35:18.312] [bmv2] [D] [thread 88549] [4.0] [cxt 0] Looking up key:

[08:35:18.312] [bmv2] [D] [thread 88549] [4.0] [cxt 0] Table 'tbl_drop': miss
[08:35:18.312] [bmv2] [D] [thread 88549] [4.0] [cxt 0] Action entry is MyIngress.drop - 
[08:35:18.313] [bmv2] [T] [thread 88549] [4.0] [cxt 0] Action MyIngress.drop
[08:35:18.313] [bmv2] [T] [thread 88549] [4.0] [cxt 0] /home/vagrant/ans-lab/lab3/sml-udp/p4/main.p4(137) Primitive mark_to_drop(standard_metadata)
[08:35:18.313] [bmv2] [D] [thread 88549] [4.0] [cxt 0] Pipeline 'ingress': end
[08:35:18.313] [bmv2] [D] [thread 88549] [4.0] [cxt 0] Egress port is 511
[08:35:18.313] [bmv2] [D] [thread 88549] [4.0] [cxt 0] Dropping packet at the end of ingress
[08:35:18.313] [bmv2] [D] [thread 88549] [5.0] [cxt 0] Processing packet received on port 3
[08:35:18.313] [bmv2] [D] [thread 88549] [5.0] [cxt 0] Parser 'parser': start
[08:35:18.314] [bmv2] [D] [thread 88549] [5.0] [cxt 0] Parser 'parser' entering state 'start'
[08:35:18.314] [bmv2] [D] [thread 88549] [5.0] [cxt 0] Extracting header 'ethernet'
[08:35:18.314] [bmv2] [D] [thread 88549] [5.0] [cxt 0] Parser state 'start': key is 0800
[08:35:18.314] [bmv2] [T] [thread 88549] [5.0] [cxt 0] Bytes parsed: 14
[08:35:18.314] [bmv2] [D] [thread 88549] [5.0] [cxt 0] Parser 'parser' entering state 'parse_ipv4'
[08:35:18.315] [bmv2] [D] [thread 88549] [5.0] [cxt 0] Extracting header 'ipv4'
[08:35:18.315] [bmv2] [D] [thread 88549] [5.0] [cxt 0] Parser state 'parse_ipv4': key is 11
[08:35:18.316] [bmv2] [T] [thread 88549] [5.0] [cxt 0] Bytes parsed: 34
[08:35:18.317] [bmv2] [D] [thread 88549] [5.0] [cxt 0] Parser 'parser' entering state 'parse_udp'
[08:35:18.318] [bmv2] [D] [thread 88549] [5.0] [cxt 0] Extracting header 'udp'
[08:35:18.318] [bmv2] [D] [thread 88549] [5.0] [cxt 0] Parser state 'parse_udp': key is 270f
[08:35:18.318] [bmv2] [T] [thread 88549] [5.0] [cxt 0] Bytes parsed: 42
[08:35:18.318] [bmv2] [D] [thread 88549] [5.0] [cxt 0] Parser 'parser' entering state 'parse_switchml'
[08:35:18.318] [bmv2] [D] [thread 88549] [5.0] [cxt 0] Extracting header 'switchml'
[08:35:18.319] [bmv2] [D] [thread 88549] [5.0] [cxt 0] Parser state 'parse_switchml' has no switch, going to default next state
[08:35:18.319] [bmv2] [T] [thread 88549] [5.0] [cxt 0] Bytes parsed: 62
[08:35:18.319] [bmv2] [D] [thread 88549] [5.0] [cxt 0] Parser 'parser': end
[08:35:18.320] [bmv2] [D] [thread 88549] [5.0] [cxt 0] Pipeline 'ingress': start
[08:35:18.320] [bmv2] [T] [thread 88549] [5.0] [cxt 0] /home/vagrant/ans-lab/lab3/sml-udp/p4/main.p4(216) Condition "hdr.ipv4.isValid() && hdr.udp.isValid() && ..." (node_2) is true
[08:35:18.320] [bmv2] [T] [thread 88549] [5.0] [cxt 0] Applying table 'tbl_perform_aggregation'
[08:35:18.320] [bmv2] [D] [thread 88549] [5.0] [cxt 0] Looking up key:

[08:35:18.321] [bmv2] [D] [thread 88549] [5.0] [cxt 0] Table 'tbl_perform_aggregation': miss
[08:35:18.321] [bmv2] [D] [thread 88549] [5.0] [cxt 0] Action entry is MyIngress.perform_aggregation - 
[08:35:18.321] [bmv2] [T] [thread 88549] [5.0] [cxt 0] Action MyIngress.perform_aggregation
[08:35:18.322] [bmv2] [T] [thread 88549] [5.0] [cxt 0] /home/vagrant/ans-lab/lab3/sml-udp/p4/main.p4(151) Primitive reg_index
[08:35:18.322] [bmv2] [T] [thread 88549] [5.0] [cxt 0] /home/vagrant/ans-lab/lab3/sml-udp/p4/main.p4(151) Primitive agg_value0.read(current_val0, reg_index)
[08:35:18.322] [bmv2] [T] [thread 88549] [5.0] [cxt 0] Read register 'MyIngress.agg_value0' at index 1 read value 1000
[08:35:18.323] [bmv2] [T] [thread 88549] [5.0] [cxt 0] /home/vagrant/ans-lab/lab3/sml-udp/p4/main.p4(152) Primitive reg_index
[08:35:18.323] [bmv2] [T] [thread 88549] [5.0] [cxt 0] /home/vagrant/ans-lab/lab3/sml-udp/p4/main.p4(152) Primitive agg_value1.read(current_val1, reg_index)
[08:35:18.323] [bmv2] [T] [thread 88549] [5.0] [cxt 0] Read register 'MyIngress.agg_value1' at index 1 read value 1200
[08:35:18.323] [bmv2] [T] [thread 88549] [5.0] [cxt 0] /home/vagrant/ans-lab/lab3/sml-udp/p4/main.p4(153) Primitive reg_index
[08:35:18.323] [bmv2] [T] [thread 88549] [5.0] [cxt 0] /home/vagrant/ans-lab/lab3/sml-udp/p4/main.p4(153) Primitive agg_value2.read(current_val2, reg_index)
[08:35:18.323] [bmv2] [T] [thread 88549] [5.0] [cxt 0] Read register 'MyIngress.agg_value2' at index 1 read value 1400
[08:35:18.323] [bmv2] [T] [thread 88549] [5.0] [cxt 0] /home/vagrant/ans-lab/lab3/sml-udp/p4/main.p4(154) Primitive reg_index
[08:35:18.323] [bmv2] [T] [thread 88549] [5.0] [cxt 0] /home/vagrant/ans-lab/lab3/sml-udp/p4/main.p4(154) Primitive agg_value3.read(current_val3, reg_index)
[08:35:18.324] [bmv2] [T] [thread 88549] [5.0] [cxt 0] Read register 'MyIngress.agg_value3' at index 1 read value 1600
[08:35:18.324] [bmv2] [T] [thread 88549] [5.0] [cxt 0] /home/vagrant/ans-lab/lab3/sml-udp/p4/main.p4(155) Primitive reg_index
[08:35:18.324] [bmv2] [T] [thread 88549] [5.0] [cxt 0] /home/vagrant/ans-lab/lab3/sml-udp/p4/main.p4(155) Primitive agg_count.read(current_count, reg_index)
[08:35:18.324] [bmv2] [T] [thread 88549] [5.0] [cxt 0] Read register 'MyIngress.agg_count' at index 1 read value 2
[08:35:18.324] [bmv2] [T] [thread 88549] [5.0] [cxt 0] /home/vagrant/ans-lab/lab3/sml-udp/p4/main.p4(158) Primitive current_val0 = current_val0 + hdr.switchml.value0
[08:35:18.324] [bmv2] [T] [thread 88549] [5.0] [cxt 0] /home/vagrant/ans-lab/lab3/sml-udp/p4/main.p4(159) Primitive current_val1 = current_val1 + hdr.switchml.value1
[08:35:18.324] [bmv2] [T] [thread 88549] [5.0] [cxt 0] /home/vagrant/ans-lab/lab3/sml-udp/p4/main.p4(160) Primitive current_val2 = current_val2 + hdr.switchml.value2
[08:35:18.324] [bmv2] [T] [thread 88549] [5.0] [cxt 0] /home/vagrant/ans-lab/lab3/sml-udp/p4/main.p4(161) Primitive current_val3 = current_val3 + hdr.switchml.value3
[08:35:18.324] [bmv2] [T] [thread 88549] [5.0] [cxt 0] /home/vagrant/ans-lab/lab3/sml-udp/p4/main.p4(162) Primitive current_count = current_count + 1
[08:35:18.324] [bmv2] [T] [thread 88549] [5.0] [cxt 0] /home/vagrant/ans-lab/lab3/sml-udp/p4/main.p4(165) Primitive reg_index
[08:35:18.325] [bmv2] [T] [thread 88549] [5.0] [cxt 0] /home/vagrant/ans-lab/lab3/sml-udp/p4/main.p4(165) Primitive agg_value0.write(reg_index, current_val0)
[08:35:18.325] [bmv2] [T] [thread 88549] [5.0] [cxt 0] Wrote register 'MyIngress.agg_value0' at index 1 with value 1500
[08:35:18.325] [bmv2] [T] [thread 88549] [5.0] [cxt 0] /home/vagrant/ans-lab/lab3/sml-udp/p4/main.p4(166) Primitive reg_index
[08:35:18.325] [bmv2] [T] [thread 88549] [5.0] [cxt 0] /home/vagrant/ans-lab/lab3/sml-udp/p4/main.p4(166) Primitive agg_value1.write(reg_index, current_val1)
[08:35:18.325] [bmv2] [T] [thread 88549] [5.0] [cxt 0] Wrote register 'MyIngress.agg_value1' at index 1 with value 1800
[08:35:18.325] [bmv2] [T] [thread 88549] [5.0] [cxt 0] /home/vagrant/ans-lab/lab3/sml-udp/p4/main.p4(167) Primitive reg_index
[08:35:18.325] [bmv2] [T] [thread 88549] [5.0] [cxt 0] /home/vagrant/ans-lab/lab3/sml-udp/p4/main.p4(167) Primitive agg_value2.write(reg_index, current_val2)
[08:35:18.325] [bmv2] [T] [thread 88549] [5.0] [cxt 0] Wrote register 'MyIngress.agg_value2' at index 1 with value 2100
[08:35:18.325] [bmv2] [T] [thread 88549] [5.0] [cxt 0] /home/vagrant/ans-lab/lab3/sml-udp/p4/main.p4(168) Primitive reg_index
[08:35:18.326] [bmv2] [T] [thread 88549] [5.0] [cxt 0] /home/vagrant/ans-lab/lab3/sml-udp/p4/main.p4(168) Primitive agg_value3.write(reg_index, current_val3)
[08:35:18.327] [bmv2] [T] [thread 88549] [5.0] [cxt 0] Wrote register 'MyIngress.agg_value3' at index 1 with value 2400
[08:35:18.327] [bmv2] [T] [thread 88549] [5.0] [cxt 0] /home/vagrant/ans-lab/lab3/sml-udp/p4/main.p4(169) Primitive reg_index
[08:35:18.328] [bmv2] [T] [thread 88549] [5.0] [cxt 0] /home/vagrant/ans-lab/lab3/sml-udp/p4/main.p4(169) Primitive agg_count.write(reg_index, current_count)
[08:35:18.328] [bmv2] [T] [thread 88549] [5.0] [cxt 0] Wrote register 'MyIngress.agg_count' at index 1 with value 3
[08:35:18.329] [bmv2] [T] [thread 88549] [5.0] [cxt 0] /home/vagrant/ans-lab/lab3/sml-udp/p4/main.p4(172) Primitive if
[08:35:18.330] [bmv2] [T] [thread 88549] [5.0] [cxt 0] /home/vagrant/ans-lab/lab3/sml-udp/p4/main.p4(174) Primitive hdr.switchml.value0 = current_val0
[08:35:18.330] [bmv2] [T] [thread 88549] [5.0] [cxt 0] /home/vagrant/ans-lab/lab3/sml-udp/p4/main.p4(175) Primitive hdr.switchml.value1 = current_val1
[08:35:18.331] [bmv2] [T] [thread 88549] [5.0] [cxt 0] /home/vagrant/ans-lab/lab3/sml-udp/p4/main.p4(176) Primitive hdr.switchml.value2 = current_val2
[08:35:18.331] [bmv2] [T] [thread 88549] [5.0] [cxt 0] /home/vagrant/ans-lab/lab3/sml-udp/p4/main.p4(177) Primitive hdr.switchml.value3 = current_val3
[08:35:18.332] [bmv2] [T] [thread 88549] [5.0] [cxt 0] /home/vagrant/ans-lab/lab3/sml-udp/p4/main.p4(178) Primitive hdr.switchml.flags = 1
[08:35:18.332] [bmv2] [T] [thread 88549] [5.0] [cxt 0] /home/vagrant/ans-lab/lab3/sml-udp/p4/main.p4(181) Primitive reg_index
[08:35:18.332] [bmv2] [T] [thread 88549] [5.0] [cxt 0] /home/vagrant/ans-lab/lab3/sml-udp/p4/main.p4(181) Primitive agg_value0.write(reg_index, 0)
[08:35:18.332] [bmv2] [T] [thread 88549] [5.0] [cxt 0] Wrote register 'MyIngress.agg_value0' at index 1 with value 0
[08:35:18.333] [bmv2] [T] [thread 88549] [5.0] [cxt 0] /home/vagrant/ans-lab/lab3/sml-udp/p4/main.p4(182) Primitive reg_index
[08:35:18.333] [bmv2] [T] [thread 88549] [5.0] [cxt 0] /home/vagrant/ans-lab/lab3/sml-udp/p4/main.p4(182) Primitive agg_value1.write(reg_index, 0)
[08:35:18.333] [bmv2] [T] [thread 88549] [5.0] [cxt 0] Wrote register 'MyIngress.agg_value1' at index 1 with value 0
[08:35:18.333] [bmv2] [T] [thread 88549] [5.0] [cxt 0] /home/vagrant/ans-lab/lab3/sml-udp/p4/main.p4(183) Primitive reg_index
[08:35:18.334] [bmv2] [T] [thread 88549] [5.0] [cxt 0] /home/vagrant/ans-lab/lab3/sml-udp/p4/main.p4(183) Primitive agg_value2.write(reg_index, 0)
[08:35:18.334] [bmv2] [T] [thread 88549] [5.0] [cxt 0] Wrote register 'MyIngress.agg_value2' at index 1 with value 0
[08:35:18.334] [bmv2] [T] [thread 88549] [5.0] [cxt 0] /home/vagrant/ans-lab/lab3/sml-udp/p4/main.p4(184) Primitive reg_index
[08:35:18.334] [bmv2] [T] [thread 88549] [5.0] [cxt 0] /home/vagrant/ans-lab/lab3/sml-udp/p4/main.p4(184) Primitive agg_value3.write(reg_index, 0)
[08:35:18.334] [bmv2] [T] [thread 88549] [5.0] [cxt 0] Wrote register 'MyIngress.agg_value3' at index 1 with value 0
[08:35:18.334] [bmv2] [T] [thread 88549] [5.0] [cxt 0] /home/vagrant/ans-lab/lab3/sml-udp/p4/main.p4(185) Primitive reg_index
[08:35:18.334] [bmv2] [T] [thread 88549] [5.0] [cxt 0] /home/vagrant/ans-lab/lab3/sml-udp/p4/main.p4(185) Primitive agg_count.write(reg_index, 0)
[08:35:18.334] [bmv2] [T] [thread 88549] [5.0] [cxt 0] Wrote register 'MyIngress.agg_count' at index 1 with value 0
[08:35:18.334] [bmv2] [T] [thread 88549] [5.0] [cxt 0] /home/vagrant/ans-lab/lab3/sml-udp/p4/main.p4(187) Primitive meta.is_last_worker = 1
[08:35:18.334] [bmv2] [T] [thread 88549] [5.0] [cxt 0] /home/vagrant/ans-lab/lab3/sml-udp/p4/main.p4(172) Primitive if
[08:35:18.335] [bmv2] [T] [thread 88549] [5.0] [cxt 0] /home/vagrant/ans-lab/lab3/sml-udp/p4/main.p4(219) Condition "meta.is_last_worker == 1" (node_4) is true
[08:35:18.335] [bmv2] [T] [thread 88549] [5.0] [cxt 0] Applying table 'tbl_multicast_result'
[08:35:18.335] [bmv2] [D] [thread 88549] [5.0] [cxt 0] Looking up key:

[08:35:18.335] [bmv2] [D] [thread 88549] [5.0] [cxt 0] Table 'tbl_multicast_result': miss
[08:35:18.336] [bmv2] [D] [thread 88549] [5.0] [cxt 0] Action entry is MyIngress.multicast_result - 
[08:35:18.336] [bmv2] [T] [thread 88549] [5.0] [cxt 0] Action MyIngress.multicast_result
[08:35:18.336] [bmv2] [T] [thread 88549] [5.0] [cxt 0] /home/vagrant/ans-lab/lab3/sml-udp/p4/main.p4(195) Primitive standard_metadata.mcast_grp = 1
[08:35:18.336] [bmv2] [T] [thread 88549] [5.0] [cxt 0] /home/vagrant/ans-lab/lab3/sml-udp/p4/main.p4(198) Primitive hdr.ipv4.srcAddr = 0x0a000064
[08:35:18.336] [bmv2] [T] [thread 88549] [5.0] [cxt 0] /home/vagrant/ans-lab/lab3/sml-udp/p4/main.p4(199) Primitive hdr.ethernet.srcAddr = 0x000000000100
[08:35:18.336] [bmv2] [T] [thread 88549] [5.0] [cxt 0] /home/vagrant/ans-lab/lab3/sml-udp/p4/main.p4(200) Primitive hdr.udp.srcPort = 9999
[08:35:18.336] [bmv2] [T] [thread 88549] [5.0] [cxt 0] /home/vagrant/ans-lab/lab3/sml-udp/p4/main.p4(206) Primitive hdr.ipv4.ttl = 64
[08:35:18.336] [bmv2] [T] [thread 88549] [5.0] [cxt 0] /home/vagrant/ans-lab/lab3/sml-udp/p4/main.p4(209) Primitive hdr.ipv4.totalLen = 48
[08:35:18.336] [bmv2] [T] [thread 88549] [5.0] [cxt 0] /home/vagrant/ans-lab/lab3/sml-udp/p4/main.p4(212) Primitive hdr.udp.length = 28
[08:35:18.337] [bmv2] [D] [thread 88549] [5.0] [cxt 0] Pipeline 'ingress': end
[08:35:18.338] [bmv2] [D] [thread 88549] [5.0] [cxt 0] Multicast requested for packet
[08:35:18.338] [bmv2] [D] [thread 88549] number of packets replicated : 3
[08:35:18.338] [bmv2] [D] [thread 88549] [5.0] [cxt 0] Replicating packet on port 3
[08:35:18.339] [bmv2] [D] [thread 88549] [5.0] [cxt 0] Replicating packet on port 2
[08:35:18.339] [bmv2] [D] [thread 88549] [5.0] [cxt 0] Replicating packet on port 1
[08:35:18.339] [bmv2] [D] [thread 88553] [5.1] [cxt 0] Pipeline 'egress': start
[08:35:18.340] [bmv2] [T] [thread 88553] [5.1] [cxt 0] /home/vagrant/ans-lab/lab3/sml-udp/p4/main.p4(237) Condition "standard_metadata.mcast_grp == 1" (node_10) is true
[08:35:18.340] [bmv2] [D] [thread 88552] [5.2] [cxt 0] Pipeline 'egress': start
[08:35:18.342] [bmv2] [T] [thread 88552] [5.2] [cxt 0] /home/vagrant/ans-lab/lab3/sml-udp/p4/main.p4(237) Condition "standard_metadata.mcast_grp == 1" (node_10) is true
[08:35:18.342] [bmv2] [T] [thread 88552] [5.2] [cxt 0] /home/vagrant/ans-lab/lab3/sml-udp/p4/main.p4(239) Condition "standard_metadata.egress_port == 1" (node_11) is false
[08:35:18.342] [bmv2] [T] [thread 88552] [5.2] [cxt 0] /home/vagrant/ans-lab/lab3/sml-udp/p4/main.p4(244) Condition "standard_metadata.egress_port == 2" (node_13) is true
[08:35:18.342] [bmv2] [T] [thread 88552] [5.2] [cxt 0] Applying table 'tbl_main246'
[08:35:18.342] [bmv2] [D] [thread 88552] [5.2] [cxt 0] Looking up key:

[08:35:18.343] [bmv2] [D] [thread 88552] [5.2] [cxt 0] Table 'tbl_main246': miss
[08:35:18.343] [bmv2] [D] [thread 88552] [5.2] [cxt 0] Action entry is main246 - 
[08:35:18.343] [bmv2] [T] [thread 88552] [5.2] [cxt 0] Action main246
[08:35:18.343] [bmv2] [T] [thread 88552] [5.2] [cxt 0] /home/vagrant/ans-lab/lab3/sml-udp/p4/main.p4(246) Primitive hdr.ipv4.dstAddr = 0x0a000002
[08:35:18.343] [bmv2] [T] [thread 88552] [5.2] [cxt 0] /home/vagrant/ans-lab/lab3/sml-udp/p4/main.p4(247) Primitive hdr.ethernet.dstAddr = 0x000000000102
[08:35:18.343] [bmv2] [T] [thread 88552] [5.2] [cxt 0] /home/vagrant/ans-lab/lab3/sml-udp/p4/main.p4(248) Primitive hdr.udp.dstPort = 10001
[08:35:18.343] [bmv2] [D] [thread 88552] [5.2] [cxt 0] Pipeline 'egress': end
[08:35:18.343] [bmv2] [D] [thread 88552] [5.2] [cxt 0] Deparser 'deparser': start
[08:35:18.344] [bmv2] [D] [thread 88552] [5.2] [cxt 0] Updating checksum 'cksum'
[08:35:18.345] [bmv2] [D] [thread 88552] [5.2] [cxt 0] Deparsing header 'ethernet'
[08:35:18.346] [bmv2] [D] [thread 88552] [5.2] [cxt 0] Deparsing header 'ipv4'
[08:35:18.347] [bmv2] [D] [thread 88552] [5.2] [cxt 0] Deparsing header 'udp'
[08:35:18.347] [bmv2] [D] [thread 88552] [5.2] [cxt 0] Deparsing header 'switchml'
[08:35:18.348] [bmv2] [D] [thread 88552] [5.2] [cxt 0] Deparser 'deparser': end
[08:35:18.340] [bmv2] [D] [thread 88551] [5.3] [cxt 0] Pipeline 'egress': start
[08:35:18.348] [bmv2] [T] [thread 88551] [5.3] [cxt 0] /home/vagrant/ans-lab/lab3/sml-udp/p4/main.p4(237) Condition "standard_metadata.mcast_grp == 1" (node_10) is true
[08:35:18.348] [bmv2] [T] [thread 88551] [5.3] [cxt 0] /home/vagrant/ans-lab/lab3/sml-udp/p4/main.p4(239) Condition "standard_metadata.egress_port == 1" (node_11) is true
[08:35:18.348] [bmv2] [D] [thread 88554] [5.2] [cxt 0] Transmitting packet of size 62 out of port 2
[08:35:18.341] [bmv2] [T] [thread 88553] [5.1] [cxt 0] /home/vagrant/ans-lab/lab3/sml-udp/p4/main.p4(239) Condition "standard_metadata.egress_port == 1" (node_11) is false
[08:35:18.350] [bmv2] [T] [thread 88553] [5.1] [cxt 0] /home/vagrant/ans-lab/lab3/sml-udp/p4/main.p4(244) Condition "standard_metadata.egress_port == 2" (node_13) is false
[08:35:18.350] [bmv2] [T] [thread 88553] [5.1] [cxt 0] /home/vagrant/ans-lab/lab3/sml-udp/p4/main.p4(249) Condition "standard_metadata.egress_port == 3" (node_15) is true
[08:35:18.351] [bmv2] [T] [thread 88553] [5.1] [cxt 0] Applying table 'tbl_main251'
[08:35:18.352] [bmv2] [D] [thread 88553] [5.1] [cxt 0] Looking up key:

[08:35:18.352] [bmv2] [D] [thread 88553] [5.1] [cxt 0] Table 'tbl_main251': miss
[08:35:18.353] [bmv2] [D] [thread 88553] [5.1] [cxt 0] Action entry is main251 - 
[08:35:18.354] [bmv2] [T] [thread 88553] [5.1] [cxt 0] Action main251
[08:35:18.354] [bmv2] [T] [thread 88553] [5.1] [cxt 0] /home/vagrant/ans-lab/lab3/sml-udp/p4/main.p4(251) Primitive hdr.ipv4.dstAddr = 0x0a000003
[08:35:18.355] [bmv2] [T] [thread 88553] [5.1] [cxt 0] /home/vagrant/ans-lab/lab3/sml-udp/p4/main.p4(252) Primitive hdr.ethernet.dstAddr = 0x000000000103
[08:35:18.356] [bmv2] [T] [thread 88553] [5.1] [cxt 0] /home/vagrant/ans-lab/lab3/sml-udp/p4/main.p4(253) Primitive hdr.udp.dstPort = 10002
[08:35:18.356] [bmv2] [D] [thread 88553] [5.1] [cxt 0] Pipeline 'egress': end
[08:35:18.356] [bmv2] [D] [thread 88553] [5.1] [cxt 0] Deparser 'deparser': start
[08:35:18.348] [bmv2] [T] [thread 88551] [5.3] [cxt 0] Applying table 'tbl_main241'
[08:35:18.358] [bmv2] [D] [thread 88551] [5.3] [cxt 0] Looking up key:

[08:35:18.359] [bmv2] [D] [thread 88551] [5.3] [cxt 0] Table 'tbl_main241': miss
[08:35:18.359] [bmv2] [D] [thread 88551] [5.3] [cxt 0] Action entry is main241 - 
[08:35:18.360] [bmv2] [T] [thread 88551] [5.3] [cxt 0] Action main241
[08:35:18.360] [bmv2] [T] [thread 88551] [5.3] [cxt 0] /home/vagrant/ans-lab/lab3/sml-udp/p4/main.p4(241) Primitive hdr.ipv4.dstAddr = 0x0a000001
[08:35:18.360] [bmv2] [T] [thread 88551] [5.3] [cxt 0] /home/vagrant/ans-lab/lab3/sml-udp/p4/main.p4(242) Primitive hdr.ethernet.dstAddr = 0x000000000101
[08:35:18.361] [bmv2] [T] [thread 88551] [5.3] [cxt 0] /home/vagrant/ans-lab/lab3/sml-udp/p4/main.p4(243) Primitive hdr.udp.dstPort = 10000
[08:35:18.361] [bmv2] [D] [thread 88551] [5.3] [cxt 0] Pipeline 'egress': end
[08:35:18.362] [bmv2] [D] [thread 88551] [5.3] [cxt 0] Deparser 'deparser': start
[08:35:18.363] [bmv2] [D] [thread 88551] [5.3] [cxt 0] Updating checksum 'cksum'
[08:35:18.364] [bmv2] [D] [thread 88551] [5.3] [cxt 0] Deparsing header 'ethernet'
[08:35:18.357] [bmv2] [D] [thread 88553] [5.1] [cxt 0] Updating checksum 'cksum'
[08:35:18.370] [bmv2] [D] [thread 88553] [5.1] [cxt 0] Deparsing header 'ethernet'
[08:35:18.370] [bmv2] [D] [thread 88553] [5.1] [cxt 0] Deparsing header 'ipv4'
[08:35:18.370] [bmv2] [D] [thread 88553] [5.1] [cxt 0] Deparsing header 'udp'
[08:35:18.370] [bmv2] [D] [thread 88553] [5.1] [cxt 0] Deparsing header 'switchml'
[08:35:18.371] [bmv2] [D] [thread 88553] [5.1] [cxt 0] Deparser 'deparser': end
[08:35:18.367] [bmv2] [D] [thread 88551] [5.3] [cxt 0] Deparsing header 'ipv4'
[08:35:18.371] [bmv2] [D] [thread 88551] [5.3] [cxt 0] Deparsing header 'udp'
[08:35:18.372] [bmv2] [D] [thread 88551] [5.3] [cxt 0] Deparsing header 'switchml'
[08:35:18.372] [bmv2] [D] [thread 88551] [5.3] [cxt 0] Deparser 'deparser': end
[08:35:18.371] [bmv2] [D] [thread 88554] [5.1] [cxt 0] Transmitting packet of size 62 out of port 3
[08:35:18.375] [bmv2] [D] [thread 88554] [5.3] [cxt 0] Transmitting packet of size 62 out of port 1
